2025-07-31 11:13:36,783 [Worker-5: Loading available Gradle versions] INFO  o.e.b.c.i.u.g.PublishedGradleVersions - Gradle version information cache is not available. Remote download required.
2025-07-31 11:14:34,898 [Worker-23: Importing Maven projects] INFO  o.e.m.c.i.l.LifecycleMappingFactory - Using org.eclipse.m2e.jdt.JarLifecycleMapping lifecycle mapping for MavenProject: com.udemylearning:learn-maven:0.0.1-SNAPSHOT @ D:\Cloud\Git\Udemy\Java\Maven\learn-maven\pom.xml.
2025-07-31 11:14:38,865 [Worker-23: Importing Maven projects] INFO  o.e.m.j.i.AbstractJavaProjectConfigurator - Adding source folder /learn-maven/src/main/java
2025-07-31 11:14:38,870 [Worker-23: Importing Maven projects] INFO  o.e.m.j.i.AbstractJavaProjectConfigurator - Adding resource folder /learn-maven/src/main/resources
2025-07-31 11:14:38,887 [Worker-23: Importing Maven projects] INFO  o.e.m.j.i.AbstractJavaProjectConfigurator - Adding resource folder /learn-maven/src/main/resources
2025-07-31 11:14:38,906 [Worker-23: Importing Maven projects] INFO  o.e.m.j.i.AbstractJavaProjectConfigurator - Adding source folder /learn-maven/src/test/java
2025-07-31 11:14:38,910 [Worker-23: Importing Maven projects] INFO  o.e.m.j.i.AbstractJavaProjectConfigurator - Adding resource folder /learn-maven/src/test/resources
2025-07-31 11:14:40,720 [Worker-23: Importing Maven projects] INFO  o.e.m.c.i.p.ProjectConfigurationManager - Imported and configured 1 project(s) in 9 sec
2025-07-31 11:14:43,203 [Worker-22: Building] INFO  o.a.m.s.f.DefaultMavenResourcesFiltering - Copying 1 resource from src\main\resources to target\classes
2025-07-31 11:14:43,305 [Worker-22: Building] INFO  o.a.m.s.f.DefaultMavenResourcesFiltering - Copying 0 resource from src\main\resources to target\classes
2025-07-31 11:14:43,330 [Worker-22: Building] INFO  o.a.m.s.f.DefaultMavenResourcesFiltering - skip non existing resourceDirectory D:\Cloud\Git\Udemy\Java\Maven\learn-maven\src\test\resources
2025-07-31 11:18:30,565 [Worker-22: Building] INFO  o.e.m.c.i.l.LifecycleMappingFactory - Using org.eclipse.m2e.jdt.JarLifecycleMapping lifecycle mapping for MavenProject: com.udemylearning:learn-maven:0.0.1-SNAPSHOT @ D:\Cloud\Git\Udemy\Java\Maven\learn-maven\pom.xml.
2025-07-31 11:18:31,149 [Worker-22: Building] INFO  o.a.m.s.f.DefaultMavenResourcesFiltering - Copying 0 resource from src\main\resources to target\classes
2025-07-31 11:18:31,150 [Worker-22: Building] INFO  o.a.m.s.f.DefaultMavenResourcesFiltering - Copying 0 resource from src\main\resources to target\classes
2025-07-31 11:18:31,156 [Worker-22: Building] INFO  o.a.m.s.f.DefaultMavenResourcesFiltering - skip non existing resourceDirectory D:\Cloud\Git\Udemy\Java\Maven\learn-maven\src\test\resources
2025-07-31 11:18:32,536 [Worker-27: Building] INFO  o.a.m.s.f.DefaultMavenResourcesFiltering - Copying 1 resource from src\main\resources to target\classes
2025-07-31 11:18:32,559 [Worker-27: Building] INFO  o.a.m.s.f.DefaultMavenResourcesFiltering - Copying 0 resource from src\main\resources to target\classes
2025-07-31 11:18:32,565 [Worker-27: Building] INFO  o.a.m.s.f.DefaultMavenResourcesFiltering - skip non existing resourceDirectory D:\Cloud\Git\Udemy\Java\Maven\learn-maven\src\test\resources
2025-07-31 13:10:52,868 [main] INFO  o.e.m2e.actions.ExecutePomAction - Creating new launch configuration
2025-07-31 13:11:03,682 [Worker-35: Launching learn-maven] INFO  o.eclipse.m2e.core.internal.Bundles - getClasspathEntries(Bundle=org.eclipse.m2e.maven.runtime_3.9.900.20250220-2013 [637])
2025-07-31 13:11:03,685 [Worker-35: Launching learn-maven] INFO  o.eclipse.m2e.core.internal.Bundles - 	Entry: C:\Users\venka\.p2\pool\plugins\org.eclipse.m2e.maven.runtime_3.9.900.20250220-2013
2025-07-31 13:11:03,686 [Worker-35: Launching learn-maven] INFO  o.eclipse.m2e.core.internal.Bundles - 	Entry: C:\Users\venka\.p2\pool\plugins\org.eclipse.m2e.maven.runtime_3.9.900.20250220-2013\jars\aopalliance-1.0.jar
2025-07-31 13:11:03,686 [Worker-35: Launching learn-maven] INFO  o.eclipse.m2e.core.internal.Bundles - 	Entry: C:\Users\venka\.p2\pool\plugins\org.eclipse.m2e.maven.runtime_3.9.900.20250220-2013\jars\guice-5.1.0.jar
2025-07-31 13:11:03,686 [Worker-35: Launching learn-maven] INFO  o.eclipse.m2e.core.internal.Bundles - 	Entry: C:\Users\venka\.p2\pool\plugins\org.eclipse.m2e.maven.runtime_3.9.900.20250220-2013\jars\httpclient-4.5.14.jar
2025-07-31 13:11:03,687 [Worker-35: Launching learn-maven] INFO  o.eclipse.m2e.core.internal.Bundles - 	Entry: C:\Users\venka\.p2\pool\plugins\org.eclipse.m2e.maven.runtime_3.9.900.20250220-2013\jars\httpcore-4.4.16.jar
2025-07-31 13:11:03,687 [Worker-35: Launching learn-maven] INFO  o.eclipse.m2e.core.internal.Bundles - 	Entry: C:\Users\venka\.p2\pool\plugins\org.eclipse.m2e.maven.runtime_3.9.900.20250220-2013\jars\jansi-2.4.1.jar
2025-07-31 13:11:03,688 [Worker-35: Launching learn-maven] INFO  o.eclipse.m2e.core.internal.Bundles - 	Entry: C:\Users\venka\.p2\pool\plugins\org.eclipse.m2e.maven.runtime_3.9.900.20250220-2013\jars\jcl-over-slf4j-1.7.36.jar
2025-07-31 13:11:03,688 [Worker-35: Launching learn-maven] INFO  o.eclipse.m2e.core.internal.Bundles - 	Entry: C:\Users\venka\.p2\pool\plugins\org.eclipse.m2e.maven.runtime_3.9.900.20250220-2013\jars\maven-artifact-3.9.9.jar
2025-07-31 13:11:03,689 [Worker-35: Launching learn-maven] INFO  o.eclipse.m2e.core.internal.Bundles - 	Entry: C:\Users\venka\.p2\pool\plugins\org.eclipse.m2e.maven.runtime_3.9.900.20250220-2013\jars\maven-builder-support-3.9.9.jar
2025-07-31 13:11:03,689 [Worker-35: Launching learn-maven] INFO  o.eclipse.m2e.core.internal.Bundles - 	Entry: C:\Users\venka\.p2\pool\plugins\org.eclipse.m2e.maven.runtime_3.9.900.20250220-2013\jars\maven-compat-3.9.9.jar
2025-07-31 13:11:03,689 [Worker-35: Launching learn-maven] INFO  o.eclipse.m2e.core.internal.Bundles - 	Entry: C:\Users\venka\.p2\pool\plugins\org.eclipse.m2e.maven.runtime_3.9.900.20250220-2013\jars\maven-core-3.9.9.jar
2025-07-31 13:11:03,690 [Worker-35: Launching learn-maven] INFO  o.eclipse.m2e.core.internal.Bundles - 	Entry: C:\Users\venka\.p2\pool\plugins\org.eclipse.m2e.maven.runtime_3.9.900.20250220-2013\jars\maven-embedder-3.9.9.jar
2025-07-31 13:11:03,690 [Worker-35: Launching learn-maven] INFO  o.eclipse.m2e.core.internal.Bundles - 	Entry: C:\Users\venka\.p2\pool\plugins\org.eclipse.m2e.maven.runtime_3.9.900.20250220-2013\jars\maven-model-3.9.9.jar
2025-07-31 13:11:03,690 [Worker-35: Launching learn-maven] INFO  o.eclipse.m2e.core.internal.Bundles - 	Entry: C:\Users\venka\.p2\pool\plugins\org.eclipse.m2e.maven.runtime_3.9.900.20250220-2013\jars\maven-model-builder-3.9.9.jar
2025-07-31 13:11:03,690 [Worker-35: Launching learn-maven] INFO  o.eclipse.m2e.core.internal.Bundles - 	Entry: C:\Users\venka\.p2\pool\plugins\org.eclipse.m2e.maven.runtime_3.9.900.20250220-2013\jars\maven-plugin-api-3.9.9.jar
2025-07-31 13:11:03,690 [Worker-35: Launching learn-maven] INFO  o.eclipse.m2e.core.internal.Bundles - 	Entry: C:\Users\venka\.p2\pool\plugins\org.eclipse.m2e.maven.runtime_3.9.900.20250220-2013\jars\maven-repository-metadata-3.9.9.jar
2025-07-31 13:11:03,691 [Worker-35: Launching learn-maven] INFO  o.eclipse.m2e.core.internal.Bundles - 	Entry: C:\Users\venka\.p2\pool\plugins\org.eclipse.m2e.maven.runtime_3.9.900.20250220-2013\jars\maven-resolver-api-1.9.22.jar
2025-07-31 13:11:03,691 [Worker-35: Launching learn-maven] INFO  o.eclipse.m2e.core.internal.Bundles - 	Entry: C:\Users\venka\.p2\pool\plugins\org.eclipse.m2e.maven.runtime_3.9.900.20250220-2013\jars\maven-resolver-connector-basic-1.9.22.jar
2025-07-31 13:11:03,691 [Worker-35: Launching learn-maven] INFO  o.eclipse.m2e.core.internal.Bundles - 	Entry: C:\Users\venka\.p2\pool\plugins\org.eclipse.m2e.maven.runtime_3.9.900.20250220-2013\jars\maven-resolver-impl-1.9.22.jar
2025-07-31 13:11:03,691 [Worker-35: Launching learn-maven] INFO  o.eclipse.m2e.core.internal.Bundles - 	Entry: C:\Users\venka\.p2\pool\plugins\org.eclipse.m2e.maven.runtime_3.9.900.20250220-2013\jars\maven-resolver-named-locks-1.9.22.jar
2025-07-31 13:11:03,691 [Worker-35: Launching learn-maven] INFO  o.eclipse.m2e.core.internal.Bundles - 	Entry: C:\Users\venka\.p2\pool\plugins\org.eclipse.m2e.maven.runtime_3.9.900.20250220-2013\jars\maven-resolver-provider-3.9.9.jar
2025-07-31 13:11:03,691 [Worker-35: Launching learn-maven] INFO  o.eclipse.m2e.core.internal.Bundles - 	Entry: C:\Users\venka\.p2\pool\plugins\org.eclipse.m2e.maven.runtime_3.9.900.20250220-2013\jars\maven-resolver-spi-1.9.22.jar
2025-07-31 13:11:03,692 [Worker-35: Launching learn-maven] INFO  o.eclipse.m2e.core.internal.Bundles - 	Entry: C:\Users\venka\.p2\pool\plugins\org.eclipse.m2e.maven.runtime_3.9.900.20250220-2013\jars\maven-resolver-transport-file-1.9.22.jar
2025-07-31 13:11:03,692 [Worker-35: Launching learn-maven] INFO  o.eclipse.m2e.core.internal.Bundles - 	Entry: C:\Users\venka\.p2\pool\plugins\org.eclipse.m2e.maven.runtime_3.9.900.20250220-2013\jars\maven-resolver-transport-http-1.9.22.jar
2025-07-31 13:11:03,692 [Worker-35: Launching learn-maven] INFO  o.eclipse.m2e.core.internal.Bundles - 	Entry: C:\Users\venka\.p2\pool\plugins\org.eclipse.m2e.maven.runtime_3.9.900.20250220-2013\jars\maven-resolver-transport-wagon-1.9.22.jar
2025-07-31 13:11:03,692 [Worker-35: Launching learn-maven] INFO  o.eclipse.m2e.core.internal.Bundles - 	Entry: C:\Users\venka\.p2\pool\plugins\org.eclipse.m2e.maven.runtime_3.9.900.20250220-2013\jars\maven-resolver-util-1.9.22.jar
2025-07-31 13:11:03,694 [Worker-35: Launching learn-maven] INFO  o.eclipse.m2e.core.internal.Bundles - 	Entry: C:\Users\venka\.p2\pool\plugins\org.eclipse.m2e.maven.runtime_3.9.900.20250220-2013\jars\maven-settings-3.9.9.jar
2025-07-31 13:11:03,696 [Worker-35: Launching learn-maven] INFO  o.eclipse.m2e.core.internal.Bundles - 	Entry: C:\Users\venka\.p2\pool\plugins\org.eclipse.m2e.maven.runtime_3.9.900.20250220-2013\jars\maven-settings-builder-3.9.9.jar
2025-07-31 13:11:03,697 [Worker-35: Launching learn-maven] INFO  o.eclipse.m2e.core.internal.Bundles - 	Entry: C:\Users\venka\.p2\pool\plugins\org.eclipse.m2e.maven.runtime_3.9.900.20250220-2013\jars\maven-shared-utils-3.4.2.jar
2025-07-31 13:11:03,698 [Worker-35: Launching learn-maven] INFO  o.eclipse.m2e.core.internal.Bundles - 	Entry: C:\Users\venka\.p2\pool\plugins\org.eclipse.m2e.maven.runtime_3.9.900.20250220-2013\jars\org.eclipse.sisu.inject-0.9.0.M3.jar
2025-07-31 13:11:03,699 [Worker-35: Launching learn-maven] INFO  o.eclipse.m2e.core.internal.Bundles - 	Entry: C:\Users\venka\.p2\pool\plugins\org.eclipse.m2e.maven.runtime_3.9.900.20250220-2013\jars\org.eclipse.sisu.plexus-0.9.0.M3.jar
2025-07-31 13:11:03,699 [Worker-35: Launching learn-maven] INFO  o.eclipse.m2e.core.internal.Bundles - 	Entry: C:\Users\venka\.p2\pool\plugins\org.eclipse.m2e.maven.runtime_3.9.900.20250220-2013\jars\plexus-build-api-0.0.7.jar
2025-07-31 13:11:03,699 [Worker-35: Launching learn-maven] INFO  o.eclipse.m2e.core.internal.Bundles - 	Entry: C:\Users\venka\.p2\pool\plugins\org.eclipse.m2e.maven.runtime_3.9.900.20250220-2013\jars\plexus-build-api-1.2.0.jar
2025-07-31 13:11:03,700 [Worker-35: Launching learn-maven] INFO  o.eclipse.m2e.core.internal.Bundles - 	Entry: C:\Users\venka\.p2\pool\plugins\org.eclipse.m2e.maven.runtime_3.9.900.20250220-2013\jars\plexus-cipher-2.0.jar
2025-07-31 13:11:03,701 [Worker-35: Launching learn-maven] INFO  o.eclipse.m2e.core.internal.Bundles - 	Entry: C:\Users\venka\.p2\pool\plugins\org.eclipse.m2e.maven.runtime_3.9.900.20250220-2013\jars\plexus-classworlds-2.8.0.jar
2025-07-31 13:11:03,702 [Worker-35: Launching learn-maven] INFO  o.eclipse.m2e.core.internal.Bundles - 	Entry: C:\Users\venka\.p2\pool\plugins\org.eclipse.m2e.maven.runtime_3.9.900.20250220-2013\jars\plexus-component-annotations-2.1.0.jar
2025-07-31 13:11:03,702 [Worker-35: Launching learn-maven] INFO  o.eclipse.m2e.core.internal.Bundles - 	Entry: C:\Users\venka\.p2\pool\plugins\org.eclipse.m2e.maven.runtime_3.9.900.20250220-2013\jars\plexus-interpolation-1.27.jar
2025-07-31 13:11:03,702 [Worker-35: Launching learn-maven] INFO  o.eclipse.m2e.core.internal.Bundles - 	Entry: C:\Users\venka\.p2\pool\plugins\org.eclipse.m2e.maven.runtime_3.9.900.20250220-2013\jars\plexus-sec-dispatcher-2.0.jar
2025-07-31 13:11:03,704 [Worker-35: Launching learn-maven] INFO  o.eclipse.m2e.core.internal.Bundles - 	Entry: C:\Users\venka\.p2\pool\plugins\org.eclipse.m2e.maven.runtime_3.9.900.20250220-2013\jars\plexus-utils-3.5.1.jar
2025-07-31 13:11:03,704 [Worker-35: Launching learn-maven] INFO  o.eclipse.m2e.core.internal.Bundles - 	Entry: C:\Users\venka\.p2\pool\plugins\org.eclipse.m2e.maven.runtime_3.9.900.20250220-2013\jars\plexus-xml-3.0.1.jar
2025-07-31 13:11:03,704 [Worker-35: Launching learn-maven] INFO  o.eclipse.m2e.core.internal.Bundles - 	Entry: C:\Users\venka\.p2\pool\plugins\org.eclipse.m2e.maven.runtime_3.9.900.20250220-2013\jars\wagon-file-3.5.3.jar
2025-07-31 13:11:03,705 [Worker-35: Launching learn-maven] INFO  o.eclipse.m2e.core.internal.Bundles - 	Entry: C:\Users\venka\.p2\pool\plugins\org.eclipse.m2e.maven.runtime_3.9.900.20250220-2013\jars\wagon-http-3.5.3.jar
2025-07-31 13:11:03,705 [Worker-35: Launching learn-maven] INFO  o.eclipse.m2e.core.internal.Bundles - 	Entry: C:\Users\venka\.p2\pool\plugins\org.eclipse.m2e.maven.runtime_3.9.900.20250220-2013\jars\wagon-http-shared-3.5.3.jar
2025-07-31 13:11:03,705 [Worker-35: Launching learn-maven] INFO  o.eclipse.m2e.core.internal.Bundles - 	Entry: C:\Users\venka\.p2\pool\plugins\org.eclipse.m2e.maven.runtime_3.9.900.20250220-2013\jars\wagon-provider-api-3.5.3.jar
2025-07-31 13:11:03,708 [Worker-35: Launching learn-maven] INFO  o.eclipse.m2e.core.internal.Bundles - getClasspathEntries(Bundle=com.google.guava_33.4.8.jre [18])
2025-07-31 13:11:03,709 [Worker-35: Launching learn-maven] INFO  o.eclipse.m2e.core.internal.Bundles - 	Entry: C:\Users\venka\.p2\pool\plugins\com.google.guava_33.4.8.jre.jar
2025-07-31 13:11:03,710 [Worker-35: Launching learn-maven] INFO  o.eclipse.m2e.core.internal.Bundles - getClasspathEntries(Bundle=slf4j.api_2.0.17 [1002])
2025-07-31 13:11:03,711 [Worker-35: Launching learn-maven] INFO  o.eclipse.m2e.core.internal.Bundles - 	Entry: C:\Users\venka\.p2\pool\plugins\slf4j.api_2.0.17.jar
2025-07-31 13:11:03,711 [Worker-35: Launching learn-maven] INFO  o.eclipse.m2e.core.internal.Bundles - getClasspathEntries(Bundle=jakarta.inject.jakarta.inject-api_1.0.5 [35])
2025-07-31 13:11:03,712 [Worker-35: Launching learn-maven] INFO  o.eclipse.m2e.core.internal.Bundles - 	Entry: C:\Users\venka\.p2\pool\plugins\jakarta.inject.jakarta.inject-api_1.0.5.jar
2025-07-31 13:11:03,712 [Worker-35: Launching learn-maven] INFO  o.eclipse.m2e.core.internal.Bundles - getClasspathEntries(Bundle=javax.annotation_1.3.5.v20200909-1856 [45])
2025-07-31 13:11:03,714 [Worker-35: Launching learn-maven] INFO  o.eclipse.m2e.core.internal.Bundles - 	Entry: C:\Users\venka\.p2\pool\plugins\javax.annotation_1.3.5.v20200909-1856.jar
2025-07-31 13:11:03,714 [Worker-35: Launching learn-maven] INFO  o.eclipse.m2e.core.internal.Bundles - getClasspathEntries(Bundle=org.apache.commons.cli_1.9.0 [76])
2025-07-31 13:11:03,717 [Worker-35: Launching learn-maven] INFO  o.eclipse.m2e.core.internal.Bundles - 	Entry: C:\Users\venka\.p2\pool\plugins\org.apache.commons.cli_1.9.0.jar
2025-07-31 13:11:03,717 [Worker-35: Launching learn-maven] INFO  o.eclipse.m2e.core.internal.Bundles - getClasspathEntries(Bundle=org.apache.commons.commons-codec_1.16.0 [78])
2025-07-31 13:11:03,720 [Worker-35: Launching learn-maven] INFO  o.eclipse.m2e.core.internal.Bundles - 	Entry: C:\Users\venka\.p2\pool\plugins\org.apache.commons.commons-codec_1.16.0.jar
2025-07-31 13:11:03,721 [Worker-35: Launching learn-maven] INFO  o.eclipse.m2e.core.internal.Bundles - getClasspathEntries(Bundle=com.google.guava.failureaccess_1.0.3 [19])
2025-07-31 13:11:03,722 [Worker-35: Launching learn-maven] INFO  o.eclipse.m2e.core.internal.Bundles - 	Entry: C:\Users\venka\.p2\pool\plugins\com.google.guava.failureaccess_1.0.3.jar
2025-07-31 13:11:03,727 [Worker-35: Launching learn-maven] INFO  o.e.m.i.launch.MavenLaunchDelegate - Run build in "D:\Cloud\Git\Udemy\Java\Maven\learn-maven":
2025-07-31 13:11:03,732 [Worker-35: Launching learn-maven] INFO  o.e.m.i.launch.MavenLaunchDelegate -  mvn  -B -Dstyle.color=always help:effective-pom
2025-07-31 13:20:53,838 [Worker-47: Building] INFO  o.e.m.c.i.l.LifecycleMappingFactory - Using org.eclipse.m2e.jdt.JarLifecycleMapping lifecycle mapping for MavenProject: com.udemylearning:learn-maven:0.0.1-SNAPSHOT @ D:\Cloud\Git\Udemy\Java\Maven\learn-maven\pom.xml.
2025-07-31 13:20:54,089 [Worker-47: Building] INFO  o.e.m.c.i.e.AbstractTransferListenerAdapter - Downloading https://repo.maven.apache.org/maven2/org/hibernate/orm/hibernate-agroal/6.6.22.Final/hibernate-agroal-6.6.22.Final.pom
2025-07-31 13:20:54,189 [Worker-47: Building] INFO  o.e.m.c.i.e.AbstractTransferListenerAdapter - Downloaded https://repo.maven.apache.org/maven2/org/hibernate/orm/hibernate-agroal/6.6.22.Final/hibernate-agroal-6.6.22.Final.pom
2025-07-31 13:20:54,223 [Worker-47: Building] INFO  o.e.m.c.i.e.AbstractTransferListenerAdapter - Downloading https://repo.maven.apache.org/maven2/org/jboss/logging/jboss-logging/3.6.1.Final/jboss-logging-3.6.1.Final.pom
2025-07-31 13:20:54,262 [Worker-47: Building] INFO  o.e.m.c.i.e.AbstractTransferListenerAdapter - Downloaded https://repo.maven.apache.org/maven2/org/jboss/logging/jboss-logging/3.6.1.Final/jboss-logging-3.6.1.Final.pom
2025-07-31 13:20:54,296 [Worker-47: Building] INFO  o.e.m.c.i.e.AbstractTransferListenerAdapter - Downloading https://repo.maven.apache.org/maven2/org/jboss/logging/logging-parent/1.0.3.Final/logging-parent-1.0.3.Final.pom
2025-07-31 13:20:54,324 [Worker-47: Building] INFO  o.e.m.c.i.e.AbstractTransferListenerAdapter - Downloaded https://repo.maven.apache.org/maven2/org/jboss/logging/logging-parent/1.0.3.Final/logging-parent-1.0.3.Final.pom
2025-07-31 13:20:54,352 [Worker-47: Building] INFO  o.e.m.c.i.e.AbstractTransferListenerAdapter - Downloading https://repo.maven.apache.org/maven2/org/jboss/jboss-parent/42/jboss-parent-42.pom
2025-07-31 13:20:54,425 [Worker-47: Building] INFO  o.e.m.c.i.e.AbstractTransferListenerAdapter - Downloaded https://repo.maven.apache.org/maven2/org/jboss/jboss-parent/42/jboss-parent-42.pom
2025-07-31 13:20:54,465 [Worker-47: Building] INFO  o.e.m.c.i.e.AbstractTransferListenerAdapter - Downloading https://repo.maven.apache.org/maven2/org/junit/junit-bom/5.11.0/junit-bom-5.11.0.pom
2025-07-31 13:20:54,490 [Worker-47: Building] INFO  o.e.m.c.i.e.AbstractTransferListenerAdapter - Downloaded https://repo.maven.apache.org/maven2/org/junit/junit-bom/5.11.0/junit-bom-5.11.0.pom
2025-07-31 13:20:54,518 [Worker-47: Building] INFO  o.e.m.c.i.e.AbstractTransferListenerAdapter - Downloading https://repo.maven.apache.org/maven2/org/hibernate/orm/hibernate-core/6.6.22.Final/hibernate-core-6.6.22.Final.pom
2025-07-31 13:20:54,545 [Worker-47: Building] INFO  o.e.m.c.i.e.AbstractTransferListenerAdapter - Downloaded https://repo.maven.apache.org/maven2/org/hibernate/orm/hibernate-core/6.6.22.Final/hibernate-core-6.6.22.Final.pom
2025-07-31 13:20:54,587 [Worker-47: Building] INFO  o.e.m.c.i.e.AbstractTransferListenerAdapter - Downloading https://repo.maven.apache.org/maven2/jakarta/persistence/jakarta.persistence-api/3.1.0/jakarta.persistence-api-3.1.0.pom
2025-07-31 13:20:54,619 [Worker-47: Building] INFO  o.e.m.c.i.e.AbstractTransferListenerAdapter - Downloaded https://repo.maven.apache.org/maven2/jakarta/persistence/jakarta.persistence-api/3.1.0/jakarta.persistence-api-3.1.0.pom
2025-07-31 13:20:54,668 [Worker-47: Building] INFO  o.e.m.c.i.e.AbstractTransferListenerAdapter - Downloading https://repo.maven.apache.org/maven2/jakarta/transaction/jakarta.transaction-api/2.0.1/jakarta.transaction-api-2.0.1.pom
2025-07-31 13:20:54,702 [Worker-47: Building] INFO  o.e.m.c.i.e.AbstractTransferListenerAdapter - Downloaded https://repo.maven.apache.org/maven2/jakarta/transaction/jakarta.transaction-api/2.0.1/jakarta.transaction-api-2.0.1.pom
2025-07-31 13:20:54,766 [Worker-47: Building] INFO  o.e.m.c.i.e.AbstractTransferListenerAdapter - Downloading https://repo.maven.apache.org/maven2/org/hibernate/common/hibernate-commons-annotations/7.0.3.Final/hibernate-commons-annotations-7.0.3.Final.pom
2025-07-31 13:20:54,798 [Worker-47: Building] INFO  o.e.m.c.i.e.AbstractTransferListenerAdapter - Downloaded https://repo.maven.apache.org/maven2/org/hibernate/common/hibernate-commons-annotations/7.0.3.Final/hibernate-commons-annotations-7.0.3.Final.pom
2025-07-31 13:20:54,833 [Worker-47: Building] INFO  o.e.m.c.i.e.AbstractTransferListenerAdapter - Downloading https://repo.maven.apache.org/maven2/io/smallrye/jandex/3.2.0/jandex-3.2.0.pom
2025-07-31 13:20:54,869 [Worker-47: Building] INFO  o.e.m.c.i.e.AbstractTransferListenerAdapter - Downloaded https://repo.maven.apache.org/maven2/io/smallrye/jandex/3.2.0/jandex-3.2.0.pom
2025-07-31 13:20:54,897 [Worker-47: Building] INFO  o.e.m.c.i.e.AbstractTransferListenerAdapter - Downloading https://repo.maven.apache.org/maven2/io/smallrye/jandex-parent/3.2.0/jandex-parent-3.2.0.pom
2025-07-31 13:20:54,923 [Worker-47: Building] INFO  o.e.m.c.i.e.AbstractTransferListenerAdapter - Downloaded https://repo.maven.apache.org/maven2/io/smallrye/jandex-parent/3.2.0/jandex-parent-3.2.0.pom
2025-07-31 13:20:54,949 [Worker-47: Building] INFO  o.e.m.c.i.e.AbstractTransferListenerAdapter - Downloading https://repo.maven.apache.org/maven2/io/smallrye/smallrye-build-parent/42/smallrye-build-parent-42.pom
2025-07-31 13:20:54,982 [Worker-47: Building] INFO  o.e.m.c.i.e.AbstractTransferListenerAdapter - Downloaded https://repo.maven.apache.org/maven2/io/smallrye/smallrye-build-parent/42/smallrye-build-parent-42.pom
2025-07-31 13:20:55,021 [Worker-47: Building] INFO  o.e.m.c.i.e.AbstractTransferListenerAdapter - Downloading https://repo.maven.apache.org/maven2/com/fasterxml/classmate/1.7.0/classmate-1.7.0.pom
2025-07-31 13:20:55,050 [Worker-47: Building] INFO  o.e.m.c.i.e.AbstractTransferListenerAdapter - Downloaded https://repo.maven.apache.org/maven2/com/fasterxml/classmate/1.7.0/classmate-1.7.0.pom
2025-07-31 13:20:55,087 [Worker-47: Building] INFO  o.e.m.c.i.e.AbstractTransferListenerAdapter - Downloading https://repo.maven.apache.org/maven2/com/fasterxml/oss-parent/56/oss-parent-56.pom
2025-07-31 13:20:55,123 [Worker-47: Building] INFO  o.e.m.c.i.e.AbstractTransferListenerAdapter - Downloaded https://repo.maven.apache.org/maven2/com/fasterxml/oss-parent/56/oss-parent-56.pom
2025-07-31 13:20:55,184 [Worker-47: Building] INFO  o.e.m.c.i.e.AbstractTransferListenerAdapter - Downloading https://repo.maven.apache.org/maven2/org/glassfish/jaxb/jaxb-runtime/4.0.5/jaxb-runtime-4.0.5.pom
2025-07-31 13:20:55,212 [Worker-47: Building] INFO  o.e.m.c.i.e.AbstractTransferListenerAdapter - Downloaded https://repo.maven.apache.org/maven2/org/glassfish/jaxb/jaxb-runtime/4.0.5/jaxb-runtime-4.0.5.pom
2025-07-31 13:20:55,259 [Worker-47: Building] INFO  o.e.m.c.i.e.AbstractTransferListenerAdapter - Downloading https://repo.maven.apache.org/maven2/com/sun/xml/bind/mvn/jaxb-runtime-parent/4.0.5/jaxb-runtime-parent-4.0.5.pom
2025-07-31 13:20:55,295 [Worker-47: Building] INFO  o.e.m.c.i.e.AbstractTransferListenerAdapter - Downloaded https://repo.maven.apache.org/maven2/com/sun/xml/bind/mvn/jaxb-runtime-parent/4.0.5/jaxb-runtime-parent-4.0.5.pom
2025-07-31 13:20:55,325 [Worker-47: Building] INFO  o.e.m.c.i.e.AbstractTransferListenerAdapter - Downloading https://repo.maven.apache.org/maven2/com/sun/xml/bind/mvn/jaxb-parent/4.0.5/jaxb-parent-4.0.5.pom
2025-07-31 13:20:55,357 [Worker-47: Building] INFO  o.e.m.c.i.e.AbstractTransferListenerAdapter - Downloaded https://repo.maven.apache.org/maven2/com/sun/xml/bind/mvn/jaxb-parent/4.0.5/jaxb-parent-4.0.5.pom
2025-07-31 13:20:55,413 [Worker-47: Building] INFO  o.e.m.c.i.e.AbstractTransferListenerAdapter - Downloading https://repo.maven.apache.org/maven2/com/sun/xml/bind/jaxb-bom-ext/4.0.5/jaxb-bom-ext-4.0.5.pom
2025-07-31 13:20:55,441 [Worker-47: Building] INFO  o.e.m.c.i.e.AbstractTransferListenerAdapter - Downloaded https://repo.maven.apache.org/maven2/com/sun/xml/bind/jaxb-bom-ext/4.0.5/jaxb-bom-ext-4.0.5.pom
2025-07-31 13:20:55,505 [Worker-47: Building] INFO  o.e.m.c.i.e.AbstractTransferListenerAdapter - Downloading https://repo.maven.apache.org/maven2/org/glassfish/jaxb/jaxb-core/4.0.5/jaxb-core-4.0.5.pom
2025-07-31 13:20:55,531 [Worker-47: Building] INFO  o.e.m.c.i.e.AbstractTransferListenerAdapter - Downloaded https://repo.maven.apache.org/maven2/org/glassfish/jaxb/jaxb-core/4.0.5/jaxb-core-4.0.5.pom
2025-07-31 13:20:55,562 [Worker-47: Building] INFO  o.e.m.c.i.e.AbstractTransferListenerAdapter - Downloading https://repo.maven.apache.org/maven2/org/eclipse/angus/angus-activation/2.0.2/angus-activation-2.0.2.pom
2025-07-31 13:20:55,588 [Worker-47: Building] INFO  o.e.m.c.i.e.AbstractTransferListenerAdapter - Downloaded https://repo.maven.apache.org/maven2/org/eclipse/angus/angus-activation/2.0.2/angus-activation-2.0.2.pom
2025-07-31 13:20:55,643 [Worker-47: Building] INFO  o.e.m.c.i.e.AbstractTransferListenerAdapter - Downloading https://repo.maven.apache.org/maven2/org/eclipse/angus/angus-activation-project/2.0.2/angus-activation-project-2.0.2.pom
2025-07-31 13:20:55,686 [Worker-47: Building] INFO  o.e.m.c.i.e.AbstractTransferListenerAdapter - Downloaded https://repo.maven.apache.org/maven2/org/eclipse/angus/angus-activation-project/2.0.2/angus-activation-project-2.0.2.pom
2025-07-31 13:20:55,734 [Worker-47: Building] INFO  o.e.m.c.i.e.AbstractTransferListenerAdapter - Downloading https://repo.maven.apache.org/maven2/org/glassfish/jaxb/txw2/4.0.5/txw2-4.0.5.pom
2025-07-31 13:20:55,803 [Worker-47: Building] INFO  o.e.m.c.i.e.AbstractTransferListenerAdapter - Downloaded https://repo.maven.apache.org/maven2/org/glassfish/jaxb/txw2/4.0.5/txw2-4.0.5.pom
2025-07-31 13:20:55,838 [Worker-47: Building] INFO  o.e.m.c.i.e.AbstractTransferListenerAdapter - Downloading https://repo.maven.apache.org/maven2/com/sun/xml/bind/mvn/jaxb-txw-parent/4.0.5/jaxb-txw-parent-4.0.5.pom
2025-07-31 13:20:55,887 [Worker-47: Building] INFO  o.e.m.c.i.e.AbstractTransferListenerAdapter - Downloaded https://repo.maven.apache.org/maven2/com/sun/xml/bind/mvn/jaxb-txw-parent/4.0.5/jaxb-txw-parent-4.0.5.pom
2025-07-31 13:20:55,917 [Worker-47: Building] INFO  o.e.m.c.i.e.AbstractTransferListenerAdapter - Downloading https://repo.maven.apache.org/maven2/com/sun/istack/istack-commons-runtime/4.1.2/istack-commons-runtime-4.1.2.pom
2025-07-31 13:20:55,943 [Worker-47: Building] INFO  o.e.m.c.i.e.AbstractTransferListenerAdapter - Downloaded https://repo.maven.apache.org/maven2/com/sun/istack/istack-commons-runtime/4.1.2/istack-commons-runtime-4.1.2.pom
2025-07-31 13:20:55,977 [Worker-47: Building] INFO  o.e.m.c.i.e.AbstractTransferListenerAdapter - Downloading https://repo.maven.apache.org/maven2/com/sun/istack/istack-commons/4.1.2/istack-commons-4.1.2.pom
2025-07-31 13:20:56,006 [Worker-47: Building] INFO  o.e.m.c.i.e.AbstractTransferListenerAdapter - Downloaded https://repo.maven.apache.org/maven2/com/sun/istack/istack-commons/4.1.2/istack-commons-4.1.2.pom
2025-07-31 13:20:56,069 [Worker-47: Building] INFO  o.e.m.c.i.e.AbstractTransferListenerAdapter - Downloading https://repo.maven.apache.org/maven2/org/antlr/antlr4-runtime/4.13.0/antlr4-runtime-4.13.0.pom
2025-07-31 13:20:56,094 [Worker-47: Building] INFO  o.e.m.c.i.e.AbstractTransferListenerAdapter - Downloaded https://repo.maven.apache.org/maven2/org/antlr/antlr4-runtime/4.13.0/antlr4-runtime-4.13.0.pom
2025-07-31 13:20:56,118 [Worker-47: Building] INFO  o.e.m.c.i.e.AbstractTransferListenerAdapter - Downloading https://repo.maven.apache.org/maven2/org/antlr/antlr4-master/4.13.0/antlr4-master-4.13.0.pom
2025-07-31 13:20:56,144 [Worker-47: Building] INFO  o.e.m.c.i.e.AbstractTransferListenerAdapter - Downloaded https://repo.maven.apache.org/maven2/org/antlr/antlr4-master/4.13.0/antlr4-master-4.13.0.pom
2025-07-31 13:20:56,172 [Worker-47: Building] INFO  o.e.m.c.i.e.AbstractTransferListenerAdapter - Downloading https://repo.maven.apache.org/maven2/io/agroal/agroal-api/2.0/agroal-api-2.0.pom
2025-07-31 13:20:56,198 [Worker-47: Building] INFO  o.e.m.c.i.e.AbstractTransferListenerAdapter - Downloaded https://repo.maven.apache.org/maven2/io/agroal/agroal-api/2.0/agroal-api-2.0.pom
2025-07-31 13:20:56,225 [Worker-47: Building] INFO  o.e.m.c.i.e.AbstractTransferListenerAdapter - Downloading https://repo.maven.apache.org/maven2/io/agroal/agroal-parent/2.0/agroal-parent-2.0.pom
2025-07-31 13:20:56,249 [Worker-47: Building] INFO  o.e.m.c.i.e.AbstractTransferListenerAdapter - Downloaded https://repo.maven.apache.org/maven2/io/agroal/agroal-parent/2.0/agroal-parent-2.0.pom
2025-07-31 13:20:56,281 [Worker-47: Building] INFO  o.e.m.c.i.e.AbstractTransferListenerAdapter - Downloading https://repo.maven.apache.org/maven2/org/jboss/jboss-parent/39/jboss-parent-39.pom
2025-07-31 13:20:56,315 [Worker-47: Building] INFO  o.e.m.c.i.e.AbstractTransferListenerAdapter - Downloaded https://repo.maven.apache.org/maven2/org/jboss/jboss-parent/39/jboss-parent-39.pom
2025-07-31 13:20:56,573 [Worker-47: Building] INFO  o.e.m.c.i.e.AbstractTransferListenerAdapter - Downloading https://repo.maven.apache.org/maven2/org/hibernate/orm/hibernate-agroal/6.6.22.Final/hibernate-agroal-6.6.22.Final.jar
2025-07-31 13:20:56,680 [Worker-47: Building] INFO  o.e.m.c.i.e.AbstractTransferListenerAdapter - Downloaded https://repo.maven.apache.org/maven2/org/hibernate/orm/hibernate-agroal/6.6.22.Final/hibernate-agroal-6.6.22.Final.jar
2025-07-31 13:20:56,726 [BasicRepositoryConnector-repo.maven.apache.org-0-1] INFO  o.e.m.c.i.e.AbstractTransferListenerAdapter - Downloading https://repo.maven.apache.org/maven2/org/hibernate/orm/hibernate-core/6.6.22.Final/hibernate-core-6.6.22.Final.jar
2025-07-31 13:20:56,769 [BasicRepositoryConnector-repo.maven.apache.org-0-2] INFO  o.e.m.c.i.e.AbstractTransferListenerAdapter - Downloading https://repo.maven.apache.org/maven2/jakarta/persistence/jakarta.persistence-api/3.1.0/jakarta.persistence-api-3.1.0.jar
2025-07-31 13:20:56,776 [BasicRepositoryConnector-repo.maven.apache.org-0-0] INFO  o.e.m.c.i.e.AbstractTransferListenerAdapter - Downloading https://repo.maven.apache.org/maven2/org/jboss/logging/jboss-logging/3.6.1.Final/jboss-logging-3.6.1.Final.jar
2025-07-31 13:20:56,777 [BasicRepositoryConnector-repo.maven.apache.org-0-4] INFO  o.e.m.c.i.e.AbstractTransferListenerAdapter - Downloading https://repo.maven.apache.org/maven2/org/hibernate/common/hibernate-commons-annotations/7.0.3.Final/hibernate-commons-annotations-7.0.3.Final.jar
2025-07-31 13:20:56,783 [BasicRepositoryConnector-repo.maven.apache.org-0-3] INFO  o.e.m.c.i.e.AbstractTransferListenerAdapter - Downloading https://repo.maven.apache.org/maven2/jakarta/transaction/jakarta.transaction-api/2.0.1/jakarta.transaction-api-2.0.1.jar
2025-07-31 13:20:56,858 [BasicRepositoryConnector-repo.maven.apache.org-0-4] INFO  o.e.m.c.i.e.AbstractTransferListenerAdapter - Downloaded https://repo.maven.apache.org/maven2/org/hibernate/common/hibernate-commons-annotations/7.0.3.Final/hibernate-commons-annotations-7.0.3.Final.jar
2025-07-31 13:20:56,865 [BasicRepositoryConnector-repo.maven.apache.org-0-0] INFO  o.e.m.c.i.e.AbstractTransferListenerAdapter - Downloaded https://repo.maven.apache.org/maven2/org/jboss/logging/jboss-logging/3.6.1.Final/jboss-logging-3.6.1.Final.jar
2025-07-31 13:20:56,885 [BasicRepositoryConnector-repo.maven.apache.org-0-2] INFO  o.e.m.c.i.e.AbstractTransferListenerAdapter - Downloaded https://repo.maven.apache.org/maven2/jakarta/persistence/jakarta.persistence-api/3.1.0/jakarta.persistence-api-3.1.0.jar
2025-07-31 13:20:56,902 [BasicRepositoryConnector-repo.maven.apache.org-0-0] INFO  o.e.m.c.i.e.AbstractTransferListenerAdapter - Downloading https://repo.maven.apache.org/maven2/com/fasterxml/classmate/1.7.0/classmate-1.7.0.jar
2025-07-31 13:20:56,903 [BasicRepositoryConnector-repo.maven.apache.org-0-4] INFO  o.e.m.c.i.e.AbstractTransferListenerAdapter - Downloading https://repo.maven.apache.org/maven2/io/smallrye/jandex/3.2.0/jandex-3.2.0.jar
2025-07-31 13:20:56,956 [BasicRepositoryConnector-repo.maven.apache.org-0-0] INFO  o.e.m.c.i.e.AbstractTransferListenerAdapter - Downloaded https://repo.maven.apache.org/maven2/com/fasterxml/classmate/1.7.0/classmate-1.7.0.jar
2025-07-31 13:20:56,966 [BasicRepositoryConnector-repo.maven.apache.org-0-2] INFO  o.e.m.c.i.e.AbstractTransferListenerAdapter - Downloading https://repo.maven.apache.org/maven2/org/glassfish/jaxb/jaxb-runtime/4.0.5/jaxb-runtime-4.0.5.jar
2025-07-31 13:20:57,023 [BasicRepositoryConnector-repo.maven.apache.org-0-0] INFO  o.e.m.c.i.e.AbstractTransferListenerAdapter - Downloading https://repo.maven.apache.org/maven2/org/glassfish/jaxb/jaxb-core/4.0.5/jaxb-core-4.0.5.jar
2025-07-31 13:20:57,024 [BasicRepositoryConnector-repo.maven.apache.org-0-4] INFO  o.e.m.c.i.e.AbstractTransferListenerAdapter - Downloaded https://repo.maven.apache.org/maven2/io/smallrye/jandex/3.2.0/jandex-3.2.0.jar
2025-07-31 13:20:57,090 [BasicRepositoryConnector-repo.maven.apache.org-0-4] INFO  o.e.m.c.i.e.AbstractTransferListenerAdapter - Downloading https://repo.maven.apache.org/maven2/org/eclipse/angus/angus-activation/2.0.2/angus-activation-2.0.2.jar
2025-07-31 13:20:57,134 [BasicRepositoryConnector-repo.maven.apache.org-0-0] INFO  o.e.m.c.i.e.AbstractTransferListenerAdapter - Downloaded https://repo.maven.apache.org/maven2/org/glassfish/jaxb/jaxb-core/4.0.5/jaxb-core-4.0.5.jar
2025-07-31 13:20:57,194 [BasicRepositoryConnector-repo.maven.apache.org-0-0] INFO  o.e.m.c.i.e.AbstractTransferListenerAdapter - Downloading https://repo.maven.apache.org/maven2/org/glassfish/jaxb/txw2/4.0.5/txw2-4.0.5.jar
2025-07-31 13:20:57,279 [BasicRepositoryConnector-repo.maven.apache.org-0-0] INFO  o.e.m.c.i.e.AbstractTransferListenerAdapter - Downloaded https://repo.maven.apache.org/maven2/org/glassfish/jaxb/txw2/4.0.5/txw2-4.0.5.jar
2025-07-31 13:20:57,318 [BasicRepositoryConnector-repo.maven.apache.org-0-0] INFO  o.e.m.c.i.e.AbstractTransferListenerAdapter - Downloading https://repo.maven.apache.org/maven2/com/sun/istack/istack-commons-runtime/4.1.2/istack-commons-runtime-4.1.2.jar
2025-07-31 13:20:57,326 [BasicRepositoryConnector-repo.maven.apache.org-0-2] INFO  o.e.m.c.i.e.AbstractTransferListenerAdapter - Downloaded https://repo.maven.apache.org/maven2/org/glassfish/jaxb/jaxb-runtime/4.0.5/jaxb-runtime-4.0.5.jar
2025-07-31 13:20:57,350 [BasicRepositoryConnector-repo.maven.apache.org-0-2] INFO  o.e.m.c.i.e.AbstractTransferListenerAdapter - Downloading https://repo.maven.apache.org/maven2/org/antlr/antlr4-runtime/4.13.0/antlr4-runtime-4.13.0.jar
2025-07-31 13:20:57,443 [BasicRepositoryConnector-repo.maven.apache.org-0-2] INFO  o.e.m.c.i.e.AbstractTransferListenerAdapter - Downloaded https://repo.maven.apache.org/maven2/org/antlr/antlr4-runtime/4.13.0/antlr4-runtime-4.13.0.jar
2025-07-31 13:20:57,453 [BasicRepositoryConnector-repo.maven.apache.org-0-1] INFO  o.e.m.c.i.e.AbstractTransferListenerAdapter - Downloaded https://repo.maven.apache.org/maven2/org/hibernate/orm/hibernate-core/6.6.22.Final/hibernate-core-6.6.22.Final.jar
2025-07-31 13:20:57,472 [BasicRepositoryConnector-repo.maven.apache.org-0-2] INFO  o.e.m.c.i.e.AbstractTransferListenerAdapter - Downloading https://repo.maven.apache.org/maven2/io/agroal/agroal-api/2.0/agroal-api-2.0.jar
2025-07-31 13:20:57,543 [BasicRepositoryConnector-repo.maven.apache.org-0-2] INFO  o.e.m.c.i.e.AbstractTransferListenerAdapter - Downloaded https://repo.maven.apache.org/maven2/io/agroal/agroal-api/2.0/agroal-api-2.0.jar
2025-07-31 13:20:57,591 [BasicRepositoryConnector-repo.maven.apache.org-0-3] INFO  o.e.m.c.i.e.AbstractTransferListenerAdapter - Downloaded https://repo.maven.apache.org/maven2/jakarta/transaction/jakarta.transaction-api/2.0.1/jakarta.transaction-api-2.0.1.jar
2025-07-31 13:20:57,815 [BasicRepositoryConnector-repo.maven.apache.org-0-4] INFO  o.e.m.c.i.e.AbstractTransferListenerAdapter - Downloaded https://repo.maven.apache.org/maven2/org/eclipse/angus/angus-activation/2.0.2/angus-activation-2.0.2.jar
2025-07-31 13:20:58,092 [BasicRepositoryConnector-repo.maven.apache.org-0-0] INFO  o.e.m.c.i.e.AbstractTransferListenerAdapter - Downloaded https://repo.maven.apache.org/maven2/com/sun/istack/istack-commons-runtime/4.1.2/istack-commons-runtime-4.1.2.jar
2025-07-31 13:20:58,885 [Worker-47: Building] INFO  o.a.m.s.f.DefaultMavenResourcesFiltering - Copying 0 resource from src\main\resources to target\classes
2025-07-31 13:20:58,886 [Worker-47: Building] INFO  o.a.m.s.f.DefaultMavenResourcesFiltering - Copying 0 resource from src\main\resources to target\classes
2025-07-31 13:20:58,890 [Worker-47: Building] INFO  o.a.m.s.f.DefaultMavenResourcesFiltering - skip non existing resourceDirectory D:\Cloud\Git\Udemy\Java\Maven\learn-maven\src\test\resources
2025-07-31 13:20:59,703 [Worker-49: Download sources and javadoc] INFO  o.e.m.c.i.e.AbstractTransferListenerAdapter - Downloading https://repo.maven.apache.org/maven2/org/hibernate/orm/hibernate-agroal/6.6.22.Final/hibernate-agroal-6.6.22.Final-sources.jar
2025-07-31 13:20:59,837 [Worker-49: Download sources and javadoc] INFO  o.e.m.c.i.e.AbstractTransferListenerAdapter - Downloaded https://repo.maven.apache.org/maven2/org/hibernate/orm/hibernate-agroal/6.6.22.Final/hibernate-agroal-6.6.22.Final-sources.jar
2025-07-31 13:20:59,847 [Worker-49: Download sources and javadoc] INFO  o.e.m.j.internal.DownloadSourcesJob - Downloaded sources for org.hibernate.orm:hibernate-agroal:6.6.22.Final
2025-07-31 13:20:59,961 [Worker-49: Download sources and javadoc] INFO  o.e.m.c.i.e.AbstractTransferListenerAdapter - Downloading https://repo.maven.apache.org/maven2/org/jboss/logging/jboss-logging/3.6.1.Final/jboss-logging-3.6.1.Final-sources.jar
2025-07-31 13:21:00,373 [Worker-48: Building] INFO  o.a.m.s.f.DefaultMavenResourcesFiltering - Copying 1 resource from src\main\resources to target\classes
2025-07-31 13:21:00,393 [Worker-48: Building] INFO  o.a.m.s.f.DefaultMavenResourcesFiltering - Copying 0 resource from src\main\resources to target\classes
2025-07-31 13:21:00,399 [Worker-48: Building] INFO  o.a.m.s.f.DefaultMavenResourcesFiltering - skip non existing resourceDirectory D:\Cloud\Git\Udemy\Java\Maven\learn-maven\src\test\resources
2025-07-31 13:21:01,592 [Worker-49: Download sources and javadoc] INFO  o.e.m.c.i.e.AbstractTransferListenerAdapter - Downloaded https://repo.maven.apache.org/maven2/org/jboss/logging/jboss-logging/3.6.1.Final/jboss-logging-3.6.1.Final-sources.jar
2025-07-31 13:21:01,602 [Worker-49: Download sources and javadoc] INFO  o.e.m.j.internal.DownloadSourcesJob - Downloaded sources for org.jboss.logging:jboss-logging:3.6.1.Final
2025-07-31 13:21:01,696 [Worker-49: Download sources and javadoc] INFO  o.e.m.c.i.e.AbstractTransferListenerAdapter - Downloading https://repo.maven.apache.org/maven2/org/hibernate/orm/hibernate-core/6.6.22.Final/hibernate-core-6.6.22.Final-sources.jar
2025-07-31 13:21:02,364 [Worker-49: Download sources and javadoc] INFO  o.e.m.c.i.e.AbstractTransferListenerAdapter - Downloaded https://repo.maven.apache.org/maven2/org/hibernate/orm/hibernate-core/6.6.22.Final/hibernate-core-6.6.22.Final-sources.jar
2025-07-31 13:21:02,379 [Worker-49: Download sources and javadoc] INFO  o.e.m.j.internal.DownloadSourcesJob - Downloaded sources for org.hibernate.orm:hibernate-core:6.6.22.Final
2025-07-31 13:21:02,482 [Worker-49: Download sources and javadoc] INFO  o.e.m.c.i.e.AbstractTransferListenerAdapter - Downloading https://repo.maven.apache.org/maven2/jakarta/persistence/jakarta.persistence-api/3.1.0/jakarta.persistence-api-3.1.0-sources.jar
2025-07-31 13:21:02,681 [Worker-49: Download sources and javadoc] INFO  o.e.m.c.i.e.AbstractTransferListenerAdapter - Downloaded https://repo.maven.apache.org/maven2/jakarta/persistence/jakarta.persistence-api/3.1.0/jakarta.persistence-api-3.1.0-sources.jar
2025-07-31 13:21:02,692 [Worker-49: Download sources and javadoc] INFO  o.e.m.j.internal.DownloadSourcesJob - Downloaded sources for jakarta.persistence:jakarta.persistence-api:3.1.0
2025-07-31 13:21:02,820 [Worker-49: Download sources and javadoc] INFO  o.e.m.c.i.e.AbstractTransferListenerAdapter - Downloading https://repo.maven.apache.org/maven2/jakarta/transaction/jakarta.transaction-api/2.0.1/jakarta.transaction-api-2.0.1-sources.jar
2025-07-31 13:21:04,483 [Worker-49: Download sources and javadoc] INFO  o.e.m.c.i.e.AbstractTransferListenerAdapter - Downloaded https://repo.maven.apache.org/maven2/jakarta/transaction/jakarta.transaction-api/2.0.1/jakarta.transaction-api-2.0.1-sources.jar
2025-07-31 13:21:04,490 [Worker-49: Download sources and javadoc] INFO  o.e.m.j.internal.DownloadSourcesJob - Downloaded sources for jakarta.transaction:jakarta.transaction-api:2.0.1
2025-07-31 13:21:04,593 [Worker-49: Download sources and javadoc] INFO  o.e.m.c.i.e.AbstractTransferListenerAdapter - Downloading https://repo.maven.apache.org/maven2/org/hibernate/common/hibernate-commons-annotations/7.0.3.Final/hibernate-commons-annotations-7.0.3.Final-sources.jar
2025-07-31 13:21:06,005 [Worker-49: Download sources and javadoc] INFO  o.e.m.c.i.e.AbstractTransferListenerAdapter - Downloaded https://repo.maven.apache.org/maven2/org/hibernate/common/hibernate-commons-annotations/7.0.3.Final/hibernate-commons-annotations-7.0.3.Final-sources.jar
2025-07-31 13:21:06,012 [Worker-49: Download sources and javadoc] INFO  o.e.m.j.internal.DownloadSourcesJob - Downloaded sources for org.hibernate.common:hibernate-commons-annotations:7.0.3.Final
2025-07-31 13:21:06,094 [Worker-49: Download sources and javadoc] INFO  o.e.m.c.i.e.AbstractTransferListenerAdapter - Downloading https://repo.maven.apache.org/maven2/io/smallrye/jandex/3.2.0/jandex-3.2.0-sources.jar
2025-07-31 13:21:06,234 [Worker-49: Download sources and javadoc] INFO  o.e.m.c.i.e.AbstractTransferListenerAdapter - Downloaded https://repo.maven.apache.org/maven2/io/smallrye/jandex/3.2.0/jandex-3.2.0-sources.jar
2025-07-31 13:21:06,241 [Worker-49: Download sources and javadoc] INFO  o.e.m.j.internal.DownloadSourcesJob - Downloaded sources for io.smallrye:jandex:3.2.0
2025-07-31 13:21:06,327 [Worker-49: Download sources and javadoc] INFO  o.e.m.c.i.e.AbstractTransferListenerAdapter - Downloading https://repo.maven.apache.org/maven2/com/fasterxml/classmate/1.7.0/classmate-1.7.0-sources.jar
2025-07-31 13:21:06,388 [Worker-49: Download sources and javadoc] INFO  o.e.m.c.i.e.AbstractTransferListenerAdapter - Downloaded https://repo.maven.apache.org/maven2/com/fasterxml/classmate/1.7.0/classmate-1.7.0-sources.jar
2025-07-31 13:21:06,396 [Worker-49: Download sources and javadoc] INFO  o.e.m.j.internal.DownloadSourcesJob - Downloaded sources for com.fasterxml:classmate:1.7.0
2025-07-31 13:21:06,478 [Worker-49: Download sources and javadoc] INFO  o.e.m.c.i.e.AbstractTransferListenerAdapter - Downloading https://repo.maven.apache.org/maven2/org/glassfish/jaxb/jaxb-runtime/4.0.5/jaxb-runtime-4.0.5-sources.jar
2025-07-31 13:21:06,645 [Worker-49: Download sources and javadoc] INFO  o.e.m.c.i.e.AbstractTransferListenerAdapter - Downloaded https://repo.maven.apache.org/maven2/org/glassfish/jaxb/jaxb-runtime/4.0.5/jaxb-runtime-4.0.5-sources.jar
2025-07-31 13:21:06,652 [Worker-49: Download sources and javadoc] INFO  o.e.m.j.internal.DownloadSourcesJob - Downloaded sources for org.glassfish.jaxb:jaxb-runtime:4.0.5
2025-07-31 13:21:06,728 [Worker-49: Download sources and javadoc] INFO  o.e.m.c.i.e.AbstractTransferListenerAdapter - Downloading https://repo.maven.apache.org/maven2/org/glassfish/jaxb/jaxb-core/4.0.5/jaxb-core-4.0.5-sources.jar
2025-07-31 13:21:06,815 [Worker-49: Download sources and javadoc] INFO  o.e.m.c.i.e.AbstractTransferListenerAdapter - Downloaded https://repo.maven.apache.org/maven2/org/glassfish/jaxb/jaxb-core/4.0.5/jaxb-core-4.0.5-sources.jar
2025-07-31 13:21:06,822 [Worker-49: Download sources and javadoc] INFO  o.e.m.j.internal.DownloadSourcesJob - Downloaded sources for org.glassfish.jaxb:jaxb-core:4.0.5
2025-07-31 13:21:06,913 [Worker-49: Download sources and javadoc] INFO  o.e.m.c.i.e.AbstractTransferListenerAdapter - Downloading https://repo.maven.apache.org/maven2/org/eclipse/angus/angus-activation/2.0.2/angus-activation-2.0.2-sources.jar
2025-07-31 13:21:07,395 [Worker-49: Download sources and javadoc] INFO  o.e.m.c.i.e.AbstractTransferListenerAdapter - Downloaded https://repo.maven.apache.org/maven2/org/eclipse/angus/angus-activation/2.0.2/angus-activation-2.0.2-sources.jar
2025-07-31 13:21:07,399 [Worker-49: Download sources and javadoc] INFO  o.e.m.j.internal.DownloadSourcesJob - Downloaded sources for org.eclipse.angus:angus-activation:2.0.2
2025-07-31 13:21:07,478 [Worker-49: Download sources and javadoc] INFO  o.e.m.c.i.e.AbstractTransferListenerAdapter - Downloading https://repo.maven.apache.org/maven2/org/glassfish/jaxb/txw2/4.0.5/txw2-4.0.5-sources.jar
2025-07-31 13:21:07,538 [Worker-49: Download sources and javadoc] INFO  o.e.m.c.i.e.AbstractTransferListenerAdapter - Downloaded https://repo.maven.apache.org/maven2/org/glassfish/jaxb/txw2/4.0.5/txw2-4.0.5-sources.jar
2025-07-31 13:21:07,544 [Worker-49: Download sources and javadoc] INFO  o.e.m.j.internal.DownloadSourcesJob - Downloaded sources for org.glassfish.jaxb:txw2:4.0.5
2025-07-31 13:21:07,628 [Worker-49: Download sources and javadoc] INFO  o.e.m.c.i.e.AbstractTransferListenerAdapter - Downloading https://repo.maven.apache.org/maven2/com/sun/istack/istack-commons-runtime/4.1.2/istack-commons-runtime-4.1.2-sources.jar
2025-07-31 13:21:08,395 [Worker-49: Download sources and javadoc] INFO  o.e.m.c.i.e.AbstractTransferListenerAdapter - Downloaded https://repo.maven.apache.org/maven2/com/sun/istack/istack-commons-runtime/4.1.2/istack-commons-runtime-4.1.2-sources.jar
2025-07-31 13:21:08,400 [Worker-49: Download sources and javadoc] INFO  o.e.m.j.internal.DownloadSourcesJob - Downloaded sources for com.sun.istack:istack-commons-runtime:4.1.2
2025-07-31 13:21:08,481 [Worker-49: Download sources and javadoc] INFO  o.e.m.c.i.e.AbstractTransferListenerAdapter - Downloading https://repo.maven.apache.org/maven2/org/antlr/antlr4-runtime/4.13.0/antlr4-runtime-4.13.0-sources.jar
2025-07-31 13:21:08,615 [Worker-49: Download sources and javadoc] INFO  o.e.m.c.i.e.AbstractTransferListenerAdapter - Downloaded https://repo.maven.apache.org/maven2/org/antlr/antlr4-runtime/4.13.0/antlr4-runtime-4.13.0-sources.jar
2025-07-31 13:21:08,620 [Worker-49: Download sources and javadoc] INFO  o.e.m.j.internal.DownloadSourcesJob - Downloaded sources for org.antlr:antlr4-runtime:4.13.0
2025-07-31 13:21:08,704 [Worker-49: Download sources and javadoc] INFO  o.e.m.c.i.e.AbstractTransferListenerAdapter - Downloading https://repo.maven.apache.org/maven2/io/agroal/agroal-api/2.0/agroal-api-2.0-sources.jar
2025-07-31 13:21:09,617 [Worker-49: Download sources and javadoc] INFO  o.e.m.c.i.e.AbstractTransferListenerAdapter - Downloaded https://repo.maven.apache.org/maven2/io/agroal/agroal-api/2.0/agroal-api-2.0-sources.jar
2025-07-31 13:21:09,624 [Worker-49: Download sources and javadoc] INFO  o.e.m.j.internal.DownloadSourcesJob - Downloaded sources for io.agroal:agroal-api:2.0
2025-07-31 13:26:15,875 [Worker-50: Building] INFO  o.a.m.s.f.DefaultMavenResourcesFiltering - Copying 0 resource from src\main\resources to target\classes
2025-07-31 13:26:15,876 [Worker-50: Building] INFO  o.a.m.s.f.DefaultMavenResourcesFiltering - Copying 0 resource from src\main\resources to target\classes
2025-07-31 13:26:15,879 [Worker-50: Building] INFO  o.a.m.s.f.DefaultMavenResourcesFiltering - skip non existing resourceDirectory D:\Cloud\Git\Udemy\Java\Maven\learn-maven\src\test\resources
2025-07-31 13:31:52,456 [Worker-55: Building] ERROR o.e.m.c.i.p.r.ProjectRegistryManager - Could not read pom.xml
org.eclipse.core.runtime.CoreException: Could not read pom.xml
	at org.eclipse.m2e.core.internal.IMavenToolbox.readModel(IMavenToolbox.java:245)
	at org.eclipse.m2e.core.internal.project.registry.ProjectRegistryManager.refreshPhase2(ProjectRegistryManager.java:591)
	at org.eclipse.m2e.core.internal.project.registry.ProjectRegistryManager.refresh(ProjectRegistryManager.java:491)
	at org.eclipse.m2e.core.internal.project.registry.ProjectRegistryManager.refresh(ProjectRegistryManager.java:370)
	at org.eclipse.m2e.core.internal.project.registry.ProjectRegistryManager.refresh(ProjectRegistryManager.java:322)
	at org.eclipse.m2e.core.internal.builder.MavenBuilder$BuildMethod.getProjectFacade(MavenBuilder.java:146)
	at org.eclipse.m2e.core.internal.builder.MavenBuilder$BuildMethod.lambda$0(MavenBuilder.java:84)
	at org.eclipse.m2e.core.internal.embedder.MavenExecutionContext.executeBare(MavenExecutionContext.java:458)
	at org.eclipse.m2e.core.internal.embedder.MavenExecutionContext.execute(MavenExecutionContext.java:339)
	at org.eclipse.m2e.core.internal.embedder.MavenExecutionContext.execute(MavenExecutionContext.java:278)
	at org.eclipse.m2e.core.internal.builder.MavenBuilder$BuildMethod.execute(MavenBuilder.java:83)
	at org.eclipse.m2e.core.internal.builder.MavenBuilder.build(MavenBuilder.java:192)
	at org.eclipse.core.internal.events.BuildManager$2.run(BuildManager.java:1077)
	at org.eclipse.core.runtime.SafeRunner.run(SafeRunner.java:47)
	at org.eclipse.core.internal.events.BuildManager.basicBuild(BuildManager.java:296)
	at org.eclipse.core.internal.events.BuildManager.basicBuild(BuildManager.java:352)
	at org.eclipse.core.internal.events.BuildManager$1.run(BuildManager.java:441)
	at org.eclipse.core.runtime.SafeRunner.run(SafeRunner.java:47)
	at org.eclipse.core.internal.events.BuildManager.basicBuild(BuildManager.java:444)
	at org.eclipse.core.internal.events.BuildManager.basicBuildLoop(BuildManager.java:555)
	at org.eclipse.core.internal.events.BuildManager.basicBuildLoop(BuildManager.java:503)
	at org.eclipse.core.internal.events.BuildManager.build(BuildManager.java:585)
	at org.eclipse.core.internal.events.AutoBuildJob.doBuild(AutoBuildJob.java:207)
	at org.eclipse.core.internal.events.AutoBuildJob.run(AutoBuildJob.java:300)
	at org.eclipse.core.internal.jobs.Worker.run(Worker.java:63)
Caused by: org.apache.maven.model.io.ModelParseException: unexpected character in markup \t (position: END_TAG seen ...</dependency>\n\n<\t... @46:3) 
	at org.apache.maven.model.io.DefaultModelReader.read(DefaultModelReader.java:96)
	at org.apache.maven.model.io.DefaultModelReader.read(DefaultModelReader.java:74)
	at org.eclipse.m2e.core.internal.IMavenToolbox.readModel(IMavenToolbox.java:243)
	... 24 common frames omitted
Caused by: org.codehaus.plexus.util.xml.pull.XmlPullParserException: unexpected character in markup \t (position: END_TAG seen ...</dependency>\n\n<\t... @46:3) 
	at org.codehaus.plexus.util.xml.pull.MXParser.nextImpl(MXParser.java:1582)
	at org.codehaus.plexus.util.xml.pull.MXParser.next(MXParser.java:1375)
	at org.codehaus.plexus.util.xml.pull.MXParser.nextTag(MXParser.java:1357)
	at org.apache.maven.model.io.xpp3.MavenXpp3Reader.parseModel(MavenXpp3Reader.java:2317)
	at org.apache.maven.model.io.xpp3.MavenXpp3Reader.read(MavenXpp3Reader.java:623)
	at org.apache.maven.model.io.xpp3.MavenXpp3Reader.read(MavenXpp3Reader.java:654)
	at org.apache.maven.model.io.DefaultModelReader.read(DefaultModelReader.java:93)
	... 26 common frames omitted
2025-07-31 13:31:52,511 [Worker-52: Loading pom.xml] ERROR o.e.m.c.i.p.r.ProjectRegistryManager - Failed to read Maven project: Some problems were encountered while processing the POMs:
[FATAL] Non-parseable POM D:\Cloud\Git\Udemy\Java\Maven\learn-maven\pom.xml: unexpected character in markup \t (position: END_TAG seen ...</dependency>\n\n<\t... @46:3)  @ line 46, column 3

org.apache.maven.project.ProjectBuildingException: Some problems were encountered while processing the POMs:
[FATAL] Non-parseable POM D:\Cloud\Git\Udemy\Java\Maven\learn-maven\pom.xml: unexpected character in markup \t (position: END_TAG seen ...</dependency>\n\n<\t... @46:3)  @ line 46, column 3

	at org.eclipse.m2e.core.internal.IMavenToolbox.readMavenProjects(IMavenToolbox.java:140)
	at org.eclipse.m2e.core.internal.project.registry.ProjectRegistryManager.lambda$22(ProjectRegistryManager.java:943)
	at org.eclipse.m2e.core.internal.embedder.MavenExecutionContext.executeBare(MavenExecutionContext.java:458)
	at org.eclipse.m2e.core.internal.embedder.MavenExecutionContext.execute(MavenExecutionContext.java:339)
	at org.eclipse.m2e.core.internal.embedder.MavenExecutionContext.execute(MavenExecutionContext.java:278)
	at org.eclipse.m2e.core.internal.project.registry.ProjectRegistryManager.readProjectsWithDependencies(ProjectRegistryManager.java:939)
	at org.eclipse.m2e.core.internal.project.registry.ProjectRegistryManager.create(ProjectRegistryManager.java:219)
	at org.eclipse.m2e.core.internal.project.registry.MavenProjectManager.create(MavenProjectManager.java:105)
	at org.eclipse.m2e.core.ui.internal.actions.SelectionUtil.getMavenProject(SelectionUtil.java:239)
	at org.eclipse.m2e.editor.pom.MavenPomEditor.readMavenProject(MavenPomEditor.java:709)
	at org.eclipse.m2e.editor.pom.DependencyTreePage$1.run(DependencyTreePage.java:219)
	at org.eclipse.core.internal.jobs.Worker.run(Worker.java:63)
2025-07-31 13:31:52,514 [Worker-52: Loading pom.xml] ERROR o.e.m.c.i.p.r.ProjectRegistryManager - Failed to read Maven project: Some problems were encountered while processing the POMs:
[FATAL] Non-parseable POM D:\Cloud\Git\Udemy\Java\Maven\learn-maven\pom.xml: unexpected character in markup \t (position: END_TAG seen ...</dependency>\n\n<\t... @46:3)  @ line 46, column 3

org.apache.maven.project.ProjectBuildingException: Some problems were encountered while processing the POMs:
[FATAL] Non-parseable POM D:\Cloud\Git\Udemy\Java\Maven\learn-maven\pom.xml: unexpected character in markup \t (position: END_TAG seen ...</dependency>\n\n<\t... @46:3)  @ line 46, column 3

	at org.eclipse.m2e.core.internal.IMavenToolbox.readMavenProjects(IMavenToolbox.java:140)
	at org.eclipse.m2e.core.internal.project.registry.ProjectRegistryManager.lambda$22(ProjectRegistryManager.java:943)
	at org.eclipse.m2e.core.internal.embedder.MavenExecutionContext.executeBare(MavenExecutionContext.java:458)
	at org.eclipse.m2e.core.internal.embedder.MavenExecutionContext.execute(MavenExecutionContext.java:339)
	at org.eclipse.m2e.core.internal.embedder.MavenExecutionContext.execute(MavenExecutionContext.java:278)
	at org.eclipse.m2e.core.internal.project.registry.ProjectRegistryManager.readProjectsWithDependencies(ProjectRegistryManager.java:939)
	at org.eclipse.m2e.core.internal.project.registry.ProjectRegistryManager.create(ProjectRegistryManager.java:219)
	at org.eclipse.m2e.core.internal.project.registry.MavenProjectManager.create(MavenProjectManager.java:105)
	at org.eclipse.m2e.core.ui.internal.actions.SelectionUtil.getMavenProject(SelectionUtil.java:239)
	at org.eclipse.m2e.editor.pom.MavenPomEditor.readMavenProject(MavenPomEditor.java:709)
	at org.eclipse.m2e.editor.pom.MavenPomEditor.readDependencyTree(MavenPomEditor.java:653)
	at org.eclipse.m2e.editor.pom.DependencyTreePage$1.run(DependencyTreePage.java:225)
	at org.eclipse.core.internal.jobs.Worker.run(Worker.java:63)
2025-07-31 13:31:53,729 [Worker-53: Building] ERROR o.e.m.c.i.p.r.ProjectRegistryManager - Could not read pom.xml
org.eclipse.core.runtime.CoreException: Could not read pom.xml
	at org.eclipse.m2e.core.internal.IMavenToolbox.readModel(IMavenToolbox.java:245)
	at org.eclipse.m2e.core.internal.project.registry.ProjectRegistryManager.refreshPhase2(ProjectRegistryManager.java:591)
	at org.eclipse.m2e.core.internal.project.registry.ProjectRegistryManager.refresh(ProjectRegistryManager.java:491)
	at org.eclipse.m2e.core.internal.project.registry.ProjectRegistryManager.refresh(ProjectRegistryManager.java:370)
	at org.eclipse.m2e.core.internal.project.registry.ProjectRegistryManager.refresh(ProjectRegistryManager.java:322)
	at org.eclipse.m2e.core.internal.builder.MavenBuilder$BuildMethod.getProjectFacade(MavenBuilder.java:146)
	at org.eclipse.m2e.core.internal.builder.MavenBuilder$BuildMethod.lambda$0(MavenBuilder.java:84)
	at org.eclipse.m2e.core.internal.embedder.MavenExecutionContext.executeBare(MavenExecutionContext.java:458)
	at org.eclipse.m2e.core.internal.embedder.MavenExecutionContext.execute(MavenExecutionContext.java:339)
	at org.eclipse.m2e.core.internal.embedder.MavenExecutionContext.execute(MavenExecutionContext.java:278)
	at org.eclipse.m2e.core.internal.builder.MavenBuilder$BuildMethod.execute(MavenBuilder.java:83)
	at org.eclipse.m2e.core.internal.builder.MavenBuilder.build(MavenBuilder.java:192)
	at org.eclipse.core.internal.events.BuildManager$2.run(BuildManager.java:1077)
	at org.eclipse.core.runtime.SafeRunner.run(SafeRunner.java:47)
	at org.eclipse.core.internal.events.BuildManager.basicBuild(BuildManager.java:296)
	at org.eclipse.core.internal.events.BuildManager.basicBuild(BuildManager.java:352)
	at org.eclipse.core.internal.events.BuildManager$1.run(BuildManager.java:441)
	at org.eclipse.core.runtime.SafeRunner.run(SafeRunner.java:47)
	at org.eclipse.core.internal.events.BuildManager.basicBuild(BuildManager.java:444)
	at org.eclipse.core.internal.events.BuildManager.basicBuildLoop(BuildManager.java:555)
	at org.eclipse.core.internal.events.BuildManager.basicBuildLoop(BuildManager.java:503)
	at org.eclipse.core.internal.events.BuildManager.build(BuildManager.java:585)
	at org.eclipse.core.internal.events.AutoBuildJob.doBuild(AutoBuildJob.java:207)
	at org.eclipse.core.internal.events.AutoBuildJob.run(AutoBuildJob.java:300)
	at org.eclipse.core.internal.jobs.Worker.run(Worker.java:63)
Caused by: org.apache.maven.model.io.ModelParseException: unexpected character in markup \t (position: END_TAG seen ...</dependency>\n\n<\t... @46:3) 
	at org.apache.maven.model.io.DefaultModelReader.read(DefaultModelReader.java:96)
	at org.apache.maven.model.io.DefaultModelReader.read(DefaultModelReader.java:74)
	at org.eclipse.m2e.core.internal.IMavenToolbox.readModel(IMavenToolbox.java:243)
	... 24 common frames omitted
Caused by: org.codehaus.plexus.util.xml.pull.XmlPullParserException: unexpected character in markup \t (position: END_TAG seen ...</dependency>\n\n<\t... @46:3) 
	at org.codehaus.plexus.util.xml.pull.MXParser.nextImpl(MXParser.java:1582)
	at org.codehaus.plexus.util.xml.pull.MXParser.next(MXParser.java:1375)
	at org.codehaus.plexus.util.xml.pull.MXParser.nextTag(MXParser.java:1357)
	at org.apache.maven.model.io.xpp3.MavenXpp3Reader.parseModel(MavenXpp3Reader.java:2317)
	at org.apache.maven.model.io.xpp3.MavenXpp3Reader.read(MavenXpp3Reader.java:623)
	at org.apache.maven.model.io.xpp3.MavenXpp3Reader.read(MavenXpp3Reader.java:654)
	at org.apache.maven.model.io.DefaultModelReader.read(DefaultModelReader.java:93)
	... 26 common frames omitted
2025-07-31 13:32:14,503 [Worker-53: Building] INFO  o.e.m.c.i.l.LifecycleMappingFactory - Using org.eclipse.m2e.jdt.JarLifecycleMapping lifecycle mapping for MavenProject: com.udemylearning:learn-maven:0.0.1-SNAPSHOT @ D:\Cloud\Git\Udemy\Java\Maven\learn-maven\pom.xml.
2025-07-31 13:32:14,628 [Worker-52: reload maven project] INFO  o.e.m.c.i.e.AbstractTransferListenerAdapter - Downloading https://repo.maven.apache.org/maven2/org/springframework/amqp/spring-amqp/3.2.6/spring-amqp-3.2.6.pom
2025-07-31 13:32:14,666 [Worker-52: reload maven project] INFO  o.e.m.c.i.e.AbstractTransferListenerAdapter - Downloaded https://repo.maven.apache.org/maven2/org/springframework/amqp/spring-amqp/3.2.6/spring-amqp-3.2.6.pom
2025-07-31 13:32:14,698 [Worker-52: reload maven project] INFO  o.e.m.c.i.e.AbstractTransferListenerAdapter - Downloading https://repo.maven.apache.org/maven2/org/springframework/retry/spring-retry/2.0.12/spring-retry-2.0.12.pom
2025-07-31 13:32:14,740 [Worker-52: reload maven project] INFO  o.e.m.c.i.e.AbstractTransferListenerAdapter - Downloaded https://repo.maven.apache.org/maven2/org/springframework/retry/spring-retry/2.0.12/spring-retry-2.0.12.pom
2025-07-31 13:32:15,022 [Worker-52: reload maven project] INFO  o.e.m.c.i.e.AbstractTransferListenerAdapter - Downloading https://repo.maven.apache.org/maven2/org/springframework/amqp/spring-amqp/3.2.6/spring-amqp-3.2.6.jar
2025-07-31 13:32:15,112 [Worker-52: reload maven project] INFO  o.e.m.c.i.e.AbstractTransferListenerAdapter - Downloaded https://repo.maven.apache.org/maven2/org/springframework/amqp/spring-amqp/3.2.6/spring-amqp-3.2.6.jar
2025-07-31 13:32:15,134 [BasicRepositoryConnector-repo.maven.apache.org-1-0] INFO  o.e.m.c.i.e.AbstractTransferListenerAdapter - Downloading https://repo.maven.apache.org/maven2/org/springframework/retry/spring-retry/2.0.12/spring-retry-2.0.12.jar
2025-07-31 13:32:15,176 [BasicRepositoryConnector-repo.maven.apache.org-1-0] INFO  o.e.m.c.i.e.AbstractTransferListenerAdapter - Downloaded https://repo.maven.apache.org/maven2/org/springframework/retry/spring-retry/2.0.12/spring-retry-2.0.12.jar
2025-07-31 13:32:15,535 [Worker-53: Building] INFO  o.a.m.s.f.DefaultMavenResourcesFiltering - Copying 1 resource from src\main\resources to target\classes
2025-07-31 13:32:15,552 [Worker-53: Building] INFO  o.a.m.s.f.DefaultMavenResourcesFiltering - Copying 0 resource from src\main\resources to target\classes
2025-07-31 13:32:15,558 [Worker-53: Building] INFO  o.a.m.s.f.DefaultMavenResourcesFiltering - skip non existing resourceDirectory D:\Cloud\Git\Udemy\Java\Maven\learn-maven\src\test\resources
2025-07-31 13:32:16,517 [Worker-53: Download sources and javadoc] INFO  o.e.m.c.i.e.AbstractTransferListenerAdapter - Downloading https://repo.maven.apache.org/maven2/org/springframework/amqp/spring-amqp/3.2.6/spring-amqp-3.2.6-sources.jar
2025-07-31 13:32:16,590 [Worker-53: Download sources and javadoc] INFO  o.e.m.c.i.e.AbstractTransferListenerAdapter - Downloaded https://repo.maven.apache.org/maven2/org/springframework/amqp/spring-amqp/3.2.6/spring-amqp-3.2.6-sources.jar
2025-07-31 13:32:16,595 [Worker-53: Download sources and javadoc] INFO  o.e.m.j.internal.DownloadSourcesJob - Downloaded sources for org.springframework.amqp:spring-amqp:3.2.6
2025-07-31 13:32:16,676 [Worker-56: Building] INFO  o.a.m.s.f.DefaultMavenResourcesFiltering - Copying 1 resource from src\main\resources to target\classes
2025-07-31 13:32:16,677 [Worker-56: Building] INFO  o.a.m.s.f.DefaultMavenResourcesFiltering - Copying 0 resource from src\main\resources to target\classes
2025-07-31 13:32:16,681 [Worker-56: Building] INFO  o.a.m.s.f.DefaultMavenResourcesFiltering - skip non existing resourceDirectory D:\Cloud\Git\Udemy\Java\Maven\learn-maven\src\test\resources
2025-07-31 13:32:16,703 [Worker-53: Download sources and javadoc] INFO  o.e.m.c.i.e.AbstractTransferListenerAdapter - Downloading https://repo.maven.apache.org/maven2/org/springframework/retry/spring-retry/2.0.12/spring-retry-2.0.12-sources.jar
2025-07-31 13:32:16,798 [Worker-53: Download sources and javadoc] INFO  o.e.m.c.i.e.AbstractTransferListenerAdapter - Downloaded https://repo.maven.apache.org/maven2/org/springframework/retry/spring-retry/2.0.12/spring-retry-2.0.12-sources.jar
2025-07-31 13:32:16,801 [Worker-53: Download sources and javadoc] INFO  o.e.m.j.internal.DownloadSourcesJob - Downloaded sources for org.springframework.retry:spring-retry:2.0.12
2025-07-31 14:27:09,132 [Worker-64: Building] INFO  o.a.m.s.f.DefaultMavenResourcesFiltering - Copying 0 resource from src\main\resources to target\classes
2025-07-31 14:27:09,133 [Worker-64: Building] INFO  o.a.m.s.f.DefaultMavenResourcesFiltering - Copying 0 resource from src\main\resources to target\classes
2025-07-31 14:27:09,139 [Worker-64: Building] INFO  o.a.m.s.f.DefaultMavenResourcesFiltering - skip non existing resourceDirectory D:\Cloud\Git\Udemy\Java\Maven\learn-maven\src\test\resources
2025-07-31 15:48:28,499 [Worker-1: Loading available Gradle versions] INFO  o.e.b.c.i.u.g.PublishedGradleVersions - Gradle version information cache is up-to-date. Trying to read.
2025-07-31 15:49:24,070 [main] INFO  o.e.m2e.actions.ExecutePomAction - Creating new launch configuration
2025-07-31 15:49:36,514 [Worker-8: Launching learn-maven (1)] INFO  o.eclipse.m2e.core.internal.Bundles - getClasspathEntries(Bundle=org.eclipse.m2e.maven.runtime_3.9.900.20250220-2013 [637])
2025-07-31 15:49:36,517 [Worker-8: Launching learn-maven (1)] INFO  o.eclipse.m2e.core.internal.Bundles - 	Entry: C:\Users\venka\.p2\pool\plugins\org.eclipse.m2e.maven.runtime_3.9.900.20250220-2013
2025-07-31 15:49:36,517 [Worker-8: Launching learn-maven (1)] INFO  o.eclipse.m2e.core.internal.Bundles - 	Entry: C:\Users\venka\.p2\pool\plugins\org.eclipse.m2e.maven.runtime_3.9.900.20250220-2013\jars\aopalliance-1.0.jar
2025-07-31 15:49:36,517 [Worker-8: Launching learn-maven (1)] INFO  o.eclipse.m2e.core.internal.Bundles - 	Entry: C:\Users\venka\.p2\pool\plugins\org.eclipse.m2e.maven.runtime_3.9.900.20250220-2013\jars\guice-5.1.0.jar
2025-07-31 15:49:36,517 [Worker-8: Launching learn-maven (1)] INFO  o.eclipse.m2e.core.internal.Bundles - 	Entry: C:\Users\venka\.p2\pool\plugins\org.eclipse.m2e.maven.runtime_3.9.900.20250220-2013\jars\httpclient-4.5.14.jar
2025-07-31 15:49:36,517 [Worker-8: Launching learn-maven (1)] INFO  o.eclipse.m2e.core.internal.Bundles - 	Entry: C:\Users\venka\.p2\pool\plugins\org.eclipse.m2e.maven.runtime_3.9.900.20250220-2013\jars\httpcore-4.4.16.jar
2025-07-31 15:49:36,519 [Worker-8: Launching learn-maven (1)] INFO  o.eclipse.m2e.core.internal.Bundles - 	Entry: C:\Users\venka\.p2\pool\plugins\org.eclipse.m2e.maven.runtime_3.9.900.20250220-2013\jars\jansi-2.4.1.jar
2025-07-31 15:49:36,519 [Worker-8: Launching learn-maven (1)] INFO  o.eclipse.m2e.core.internal.Bundles - 	Entry: C:\Users\venka\.p2\pool\plugins\org.eclipse.m2e.maven.runtime_3.9.900.20250220-2013\jars\jcl-over-slf4j-1.7.36.jar
2025-07-31 15:49:36,519 [Worker-8: Launching learn-maven (1)] INFO  o.eclipse.m2e.core.internal.Bundles - 	Entry: C:\Users\venka\.p2\pool\plugins\org.eclipse.m2e.maven.runtime_3.9.900.20250220-2013\jars\maven-artifact-3.9.9.jar
2025-07-31 15:49:36,519 [Worker-8: Launching learn-maven (1)] INFO  o.eclipse.m2e.core.internal.Bundles - 	Entry: C:\Users\venka\.p2\pool\plugins\org.eclipse.m2e.maven.runtime_3.9.900.20250220-2013\jars\maven-builder-support-3.9.9.jar
2025-07-31 15:49:36,520 [Worker-8: Launching learn-maven (1)] INFO  o.eclipse.m2e.core.internal.Bundles - 	Entry: C:\Users\venka\.p2\pool\plugins\org.eclipse.m2e.maven.runtime_3.9.900.20250220-2013\jars\maven-compat-3.9.9.jar
2025-07-31 15:49:36,520 [Worker-8: Launching learn-maven (1)] INFO  o.eclipse.m2e.core.internal.Bundles - 	Entry: C:\Users\venka\.p2\pool\plugins\org.eclipse.m2e.maven.runtime_3.9.900.20250220-2013\jars\maven-core-3.9.9.jar
2025-07-31 15:49:36,520 [Worker-8: Launching learn-maven (1)] INFO  o.eclipse.m2e.core.internal.Bundles - 	Entry: C:\Users\venka\.p2\pool\plugins\org.eclipse.m2e.maven.runtime_3.9.900.20250220-2013\jars\maven-embedder-3.9.9.jar
2025-07-31 15:49:36,520 [Worker-8: Launching learn-maven (1)] INFO  o.eclipse.m2e.core.internal.Bundles - 	Entry: C:\Users\venka\.p2\pool\plugins\org.eclipse.m2e.maven.runtime_3.9.900.20250220-2013\jars\maven-model-3.9.9.jar
2025-07-31 15:49:36,520 [Worker-8: Launching learn-maven (1)] INFO  o.eclipse.m2e.core.internal.Bundles - 	Entry: C:\Users\venka\.p2\pool\plugins\org.eclipse.m2e.maven.runtime_3.9.900.20250220-2013\jars\maven-model-builder-3.9.9.jar
2025-07-31 15:49:36,521 [Worker-8: Launching learn-maven (1)] INFO  o.eclipse.m2e.core.internal.Bundles - 	Entry: C:\Users\venka\.p2\pool\plugins\org.eclipse.m2e.maven.runtime_3.9.900.20250220-2013\jars\maven-plugin-api-3.9.9.jar
2025-07-31 15:49:36,522 [Worker-8: Launching learn-maven (1)] INFO  o.eclipse.m2e.core.internal.Bundles - 	Entry: C:\Users\venka\.p2\pool\plugins\org.eclipse.m2e.maven.runtime_3.9.900.20250220-2013\jars\maven-repository-metadata-3.9.9.jar
2025-07-31 15:49:36,522 [Worker-8: Launching learn-maven (1)] INFO  o.eclipse.m2e.core.internal.Bundles - 	Entry: C:\Users\venka\.p2\pool\plugins\org.eclipse.m2e.maven.runtime_3.9.900.20250220-2013\jars\maven-resolver-api-1.9.22.jar
2025-07-31 15:49:36,522 [Worker-8: Launching learn-maven (1)] INFO  o.eclipse.m2e.core.internal.Bundles - 	Entry: C:\Users\venka\.p2\pool\plugins\org.eclipse.m2e.maven.runtime_3.9.900.20250220-2013\jars\maven-resolver-connector-basic-1.9.22.jar
2025-07-31 15:49:36,523 [Worker-8: Launching learn-maven (1)] INFO  o.eclipse.m2e.core.internal.Bundles - 	Entry: C:\Users\venka\.p2\pool\plugins\org.eclipse.m2e.maven.runtime_3.9.900.20250220-2013\jars\maven-resolver-impl-1.9.22.jar
2025-07-31 15:49:36,525 [Worker-8: Launching learn-maven (1)] INFO  o.eclipse.m2e.core.internal.Bundles - 	Entry: C:\Users\venka\.p2\pool\plugins\org.eclipse.m2e.maven.runtime_3.9.900.20250220-2013\jars\maven-resolver-named-locks-1.9.22.jar
2025-07-31 15:49:36,526 [Worker-8: Launching learn-maven (1)] INFO  o.eclipse.m2e.core.internal.Bundles - 	Entry: C:\Users\venka\.p2\pool\plugins\org.eclipse.m2e.maven.runtime_3.9.900.20250220-2013\jars\maven-resolver-provider-3.9.9.jar
2025-07-31 15:49:36,528 [Worker-8: Launching learn-maven (1)] INFO  o.eclipse.m2e.core.internal.Bundles - 	Entry: C:\Users\venka\.p2\pool\plugins\org.eclipse.m2e.maven.runtime_3.9.900.20250220-2013\jars\maven-resolver-spi-1.9.22.jar
2025-07-31 15:49:36,529 [Worker-8: Launching learn-maven (1)] INFO  o.eclipse.m2e.core.internal.Bundles - 	Entry: C:\Users\venka\.p2\pool\plugins\org.eclipse.m2e.maven.runtime_3.9.900.20250220-2013\jars\maven-resolver-transport-file-1.9.22.jar
2025-07-31 15:49:36,529 [Worker-8: Launching learn-maven (1)] INFO  o.eclipse.m2e.core.internal.Bundles - 	Entry: C:\Users\venka\.p2\pool\plugins\org.eclipse.m2e.maven.runtime_3.9.900.20250220-2013\jars\maven-resolver-transport-http-1.9.22.jar
2025-07-31 15:49:36,529 [Worker-8: Launching learn-maven (1)] INFO  o.eclipse.m2e.core.internal.Bundles - 	Entry: C:\Users\venka\.p2\pool\plugins\org.eclipse.m2e.maven.runtime_3.9.900.20250220-2013\jars\maven-resolver-transport-wagon-1.9.22.jar
2025-07-31 15:49:36,531 [Worker-8: Launching learn-maven (1)] INFO  o.eclipse.m2e.core.internal.Bundles - 	Entry: C:\Users\venka\.p2\pool\plugins\org.eclipse.m2e.maven.runtime_3.9.900.20250220-2013\jars\maven-resolver-util-1.9.22.jar
2025-07-31 15:49:36,531 [Worker-8: Launching learn-maven (1)] INFO  o.eclipse.m2e.core.internal.Bundles - 	Entry: C:\Users\venka\.p2\pool\plugins\org.eclipse.m2e.maven.runtime_3.9.900.20250220-2013\jars\maven-settings-3.9.9.jar
2025-07-31 15:49:36,532 [Worker-8: Launching learn-maven (1)] INFO  o.eclipse.m2e.core.internal.Bundles - 	Entry: C:\Users\venka\.p2\pool\plugins\org.eclipse.m2e.maven.runtime_3.9.900.20250220-2013\jars\maven-settings-builder-3.9.9.jar
2025-07-31 15:49:36,532 [Worker-8: Launching learn-maven (1)] INFO  o.eclipse.m2e.core.internal.Bundles - 	Entry: C:\Users\venka\.p2\pool\plugins\org.eclipse.m2e.maven.runtime_3.9.900.20250220-2013\jars\maven-shared-utils-3.4.2.jar
2025-07-31 15:49:36,532 [Worker-8: Launching learn-maven (1)] INFO  o.eclipse.m2e.core.internal.Bundles - 	Entry: C:\Users\venka\.p2\pool\plugins\org.eclipse.m2e.maven.runtime_3.9.900.20250220-2013\jars\org.eclipse.sisu.inject-0.9.0.M3.jar
2025-07-31 15:49:36,533 [Worker-8: Launching learn-maven (1)] INFO  o.eclipse.m2e.core.internal.Bundles - 	Entry: C:\Users\venka\.p2\pool\plugins\org.eclipse.m2e.maven.runtime_3.9.900.20250220-2013\jars\org.eclipse.sisu.plexus-0.9.0.M3.jar
2025-07-31 15:49:36,533 [Worker-8: Launching learn-maven (1)] INFO  o.eclipse.m2e.core.internal.Bundles - 	Entry: C:\Users\venka\.p2\pool\plugins\org.eclipse.m2e.maven.runtime_3.9.900.20250220-2013\jars\plexus-build-api-0.0.7.jar
2025-07-31 15:49:36,533 [Worker-8: Launching learn-maven (1)] INFO  o.eclipse.m2e.core.internal.Bundles - 	Entry: C:\Users\venka\.p2\pool\plugins\org.eclipse.m2e.maven.runtime_3.9.900.20250220-2013\jars\plexus-build-api-1.2.0.jar
2025-07-31 15:49:36,533 [Worker-8: Launching learn-maven (1)] INFO  o.eclipse.m2e.core.internal.Bundles - 	Entry: C:\Users\venka\.p2\pool\plugins\org.eclipse.m2e.maven.runtime_3.9.900.20250220-2013\jars\plexus-cipher-2.0.jar
2025-07-31 15:49:36,534 [Worker-8: Launching learn-maven (1)] INFO  o.eclipse.m2e.core.internal.Bundles - 	Entry: C:\Users\venka\.p2\pool\plugins\org.eclipse.m2e.maven.runtime_3.9.900.20250220-2013\jars\plexus-classworlds-2.8.0.jar
2025-07-31 15:49:36,534 [Worker-8: Launching learn-maven (1)] INFO  o.eclipse.m2e.core.internal.Bundles - 	Entry: C:\Users\venka\.p2\pool\plugins\org.eclipse.m2e.maven.runtime_3.9.900.20250220-2013\jars\plexus-component-annotations-2.1.0.jar
2025-07-31 15:49:36,534 [Worker-8: Launching learn-maven (1)] INFO  o.eclipse.m2e.core.internal.Bundles - 	Entry: C:\Users\venka\.p2\pool\plugins\org.eclipse.m2e.maven.runtime_3.9.900.20250220-2013\jars\plexus-interpolation-1.27.jar
2025-07-31 15:49:36,535 [Worker-8: Launching learn-maven (1)] INFO  o.eclipse.m2e.core.internal.Bundles - 	Entry: C:\Users\venka\.p2\pool\plugins\org.eclipse.m2e.maven.runtime_3.9.900.20250220-2013\jars\plexus-sec-dispatcher-2.0.jar
2025-07-31 15:49:36,535 [Worker-8: Launching learn-maven (1)] INFO  o.eclipse.m2e.core.internal.Bundles - 	Entry: C:\Users\venka\.p2\pool\plugins\org.eclipse.m2e.maven.runtime_3.9.900.20250220-2013\jars\plexus-utils-3.5.1.jar
2025-07-31 15:49:36,535 [Worker-8: Launching learn-maven (1)] INFO  o.eclipse.m2e.core.internal.Bundles - 	Entry: C:\Users\venka\.p2\pool\plugins\org.eclipse.m2e.maven.runtime_3.9.900.20250220-2013\jars\plexus-xml-3.0.1.jar
2025-07-31 15:49:36,535 [Worker-8: Launching learn-maven (1)] INFO  o.eclipse.m2e.core.internal.Bundles - 	Entry: C:\Users\venka\.p2\pool\plugins\org.eclipse.m2e.maven.runtime_3.9.900.20250220-2013\jars\wagon-file-3.5.3.jar
2025-07-31 15:49:36,536 [Worker-8: Launching learn-maven (1)] INFO  o.eclipse.m2e.core.internal.Bundles - 	Entry: C:\Users\venka\.p2\pool\plugins\org.eclipse.m2e.maven.runtime_3.9.900.20250220-2013\jars\wagon-http-3.5.3.jar
2025-07-31 15:49:36,536 [Worker-8: Launching learn-maven (1)] INFO  o.eclipse.m2e.core.internal.Bundles - 	Entry: C:\Users\venka\.p2\pool\plugins\org.eclipse.m2e.maven.runtime_3.9.900.20250220-2013\jars\wagon-http-shared-3.5.3.jar
2025-07-31 15:49:36,536 [Worker-8: Launching learn-maven (1)] INFO  o.eclipse.m2e.core.internal.Bundles - 	Entry: C:\Users\venka\.p2\pool\plugins\org.eclipse.m2e.maven.runtime_3.9.900.20250220-2013\jars\wagon-provider-api-3.5.3.jar
2025-07-31 15:49:36,537 [Worker-8: Launching learn-maven (1)] INFO  o.eclipse.m2e.core.internal.Bundles - getClasspathEntries(Bundle=com.google.guava_33.4.8.jre [18])
2025-07-31 15:49:36,540 [Worker-8: Launching learn-maven (1)] INFO  o.eclipse.m2e.core.internal.Bundles - 	Entry: C:\Users\venka\.p2\pool\plugins\com.google.guava_33.4.8.jre.jar
2025-07-31 15:49:36,540 [Worker-8: Launching learn-maven (1)] INFO  o.eclipse.m2e.core.internal.Bundles - getClasspathEntries(Bundle=slf4j.api_2.0.17 [1002])
2025-07-31 15:49:36,542 [Worker-8: Launching learn-maven (1)] INFO  o.eclipse.m2e.core.internal.Bundles - 	Entry: C:\Users\venka\.p2\pool\plugins\slf4j.api_2.0.17.jar
2025-07-31 15:49:36,543 [Worker-8: Launching learn-maven (1)] INFO  o.eclipse.m2e.core.internal.Bundles - getClasspathEntries(Bundle=jakarta.inject.jakarta.inject-api_1.0.5 [35])
2025-07-31 15:49:36,544 [Worker-8: Launching learn-maven (1)] INFO  o.eclipse.m2e.core.internal.Bundles - 	Entry: C:\Users\venka\.p2\pool\plugins\jakarta.inject.jakarta.inject-api_1.0.5.jar
2025-07-31 15:49:36,544 [Worker-8: Launching learn-maven (1)] INFO  o.eclipse.m2e.core.internal.Bundles - getClasspathEntries(Bundle=javax.annotation_1.3.5.v20200909-1856 [45])
2025-07-31 15:49:36,545 [Worker-8: Launching learn-maven (1)] INFO  o.eclipse.m2e.core.internal.Bundles - 	Entry: C:\Users\venka\.p2\pool\plugins\javax.annotation_1.3.5.v20200909-1856.jar
2025-07-31 15:49:36,546 [Worker-8: Launching learn-maven (1)] INFO  o.eclipse.m2e.core.internal.Bundles - getClasspathEntries(Bundle=org.apache.commons.cli_1.9.0 [76])
2025-07-31 15:49:36,547 [Worker-8: Launching learn-maven (1)] INFO  o.eclipse.m2e.core.internal.Bundles - 	Entry: C:\Users\venka\.p2\pool\plugins\org.apache.commons.cli_1.9.0.jar
2025-07-31 15:49:36,547 [Worker-8: Launching learn-maven (1)] INFO  o.eclipse.m2e.core.internal.Bundles - getClasspathEntries(Bundle=org.apache.commons.commons-codec_1.16.0 [78])
2025-07-31 15:49:36,548 [Worker-8: Launching learn-maven (1)] INFO  o.eclipse.m2e.core.internal.Bundles - 	Entry: C:\Users\venka\.p2\pool\plugins\org.apache.commons.commons-codec_1.16.0.jar
2025-07-31 15:49:36,548 [Worker-8: Launching learn-maven (1)] INFO  o.eclipse.m2e.core.internal.Bundles - getClasspathEntries(Bundle=com.google.guava.failureaccess_1.0.3 [19])
2025-07-31 15:49:36,548 [Worker-8: Launching learn-maven (1)] INFO  o.eclipse.m2e.core.internal.Bundles - 	Entry: C:\Users\venka\.p2\pool\plugins\com.google.guava.failureaccess_1.0.3.jar
2025-07-31 15:49:36,552 [Worker-8: Launching learn-maven (1)] INFO  o.e.m.i.launch.MavenLaunchDelegate - Run build in "D:\Cloud\Git\Udemy\Java\Maven\learn-maven":
2025-07-31 15:49:36,561 [Worker-8: Launching learn-maven (1)] INFO  o.e.m.i.launch.MavenLaunchDelegate -  mvn  -B -Dstyle.color=always dependency:tree
2025-07-31 16:01:59,535 [main] INFO  o.e.m2e.actions.ExecutePomAction - Creating new launch configuration
2025-07-31 16:02:22,246 [Worker-25: Launching learn-maven (2)] INFO  o.eclipse.m2e.core.internal.Bundles - getClasspathEntries(Bundle=org.eclipse.m2e.maven.runtime_3.9.900.20250220-2013 [637])
2025-07-31 16:02:22,248 [Worker-25: Launching learn-maven (2)] INFO  o.eclipse.m2e.core.internal.Bundles - 	Entry: C:\Users\venka\.p2\pool\plugins\org.eclipse.m2e.maven.runtime_3.9.900.20250220-2013
2025-07-31 16:02:22,249 [Worker-25: Launching learn-maven (2)] INFO  o.eclipse.m2e.core.internal.Bundles - 	Entry: C:\Users\venka\.p2\pool\plugins\org.eclipse.m2e.maven.runtime_3.9.900.20250220-2013\jars\aopalliance-1.0.jar
2025-07-31 16:02:22,250 [Worker-25: Launching learn-maven (2)] INFO  o.eclipse.m2e.core.internal.Bundles - 	Entry: C:\Users\venka\.p2\pool\plugins\org.eclipse.m2e.maven.runtime_3.9.900.20250220-2013\jars\guice-5.1.0.jar
2025-07-31 16:02:22,250 [Worker-25: Launching learn-maven (2)] INFO  o.eclipse.m2e.core.internal.Bundles - 	Entry: C:\Users\venka\.p2\pool\plugins\org.eclipse.m2e.maven.runtime_3.9.900.20250220-2013\jars\httpclient-4.5.14.jar
2025-07-31 16:02:22,251 [Worker-25: Launching learn-maven (2)] INFO  o.eclipse.m2e.core.internal.Bundles - 	Entry: C:\Users\venka\.p2\pool\plugins\org.eclipse.m2e.maven.runtime_3.9.900.20250220-2013\jars\httpcore-4.4.16.jar
2025-07-31 16:02:22,251 [Worker-25: Launching learn-maven (2)] INFO  o.eclipse.m2e.core.internal.Bundles - 	Entry: C:\Users\venka\.p2\pool\plugins\org.eclipse.m2e.maven.runtime_3.9.900.20250220-2013\jars\jansi-2.4.1.jar
2025-07-31 16:02:22,251 [Worker-25: Launching learn-maven (2)] INFO  o.eclipse.m2e.core.internal.Bundles - 	Entry: C:\Users\venka\.p2\pool\plugins\org.eclipse.m2e.maven.runtime_3.9.900.20250220-2013\jars\jcl-over-slf4j-1.7.36.jar
2025-07-31 16:02:22,252 [Worker-25: Launching learn-maven (2)] INFO  o.eclipse.m2e.core.internal.Bundles - 	Entry: C:\Users\venka\.p2\pool\plugins\org.eclipse.m2e.maven.runtime_3.9.900.20250220-2013\jars\maven-artifact-3.9.9.jar
2025-07-31 16:02:22,252 [Worker-25: Launching learn-maven (2)] INFO  o.eclipse.m2e.core.internal.Bundles - 	Entry: C:\Users\venka\.p2\pool\plugins\org.eclipse.m2e.maven.runtime_3.9.900.20250220-2013\jars\maven-builder-support-3.9.9.jar
2025-07-31 16:02:22,253 [Worker-25: Launching learn-maven (2)] INFO  o.eclipse.m2e.core.internal.Bundles - 	Entry: C:\Users\venka\.p2\pool\plugins\org.eclipse.m2e.maven.runtime_3.9.900.20250220-2013\jars\maven-compat-3.9.9.jar
2025-07-31 16:02:22,253 [Worker-25: Launching learn-maven (2)] INFO  o.eclipse.m2e.core.internal.Bundles - 	Entry: C:\Users\venka\.p2\pool\plugins\org.eclipse.m2e.maven.runtime_3.9.900.20250220-2013\jars\maven-core-3.9.9.jar
2025-07-31 16:02:22,254 [Worker-25: Launching learn-maven (2)] INFO  o.eclipse.m2e.core.internal.Bundles - 	Entry: C:\Users\venka\.p2\pool\plugins\org.eclipse.m2e.maven.runtime_3.9.900.20250220-2013\jars\maven-embedder-3.9.9.jar
2025-07-31 16:02:22,254 [Worker-25: Launching learn-maven (2)] INFO  o.eclipse.m2e.core.internal.Bundles - 	Entry: C:\Users\venka\.p2\pool\plugins\org.eclipse.m2e.maven.runtime_3.9.900.20250220-2013\jars\maven-model-3.9.9.jar
2025-07-31 16:02:22,254 [Worker-25: Launching learn-maven (2)] INFO  o.eclipse.m2e.core.internal.Bundles - 	Entry: C:\Users\venka\.p2\pool\plugins\org.eclipse.m2e.maven.runtime_3.9.900.20250220-2013\jars\maven-model-builder-3.9.9.jar
2025-07-31 16:02:22,255 [Worker-25: Launching learn-maven (2)] INFO  o.eclipse.m2e.core.internal.Bundles - 	Entry: C:\Users\venka\.p2\pool\plugins\org.eclipse.m2e.maven.runtime_3.9.900.20250220-2013\jars\maven-plugin-api-3.9.9.jar
2025-07-31 16:02:22,255 [Worker-25: Launching learn-maven (2)] INFO  o.eclipse.m2e.core.internal.Bundles - 	Entry: C:\Users\venka\.p2\pool\plugins\org.eclipse.m2e.maven.runtime_3.9.900.20250220-2013\jars\maven-repository-metadata-3.9.9.jar
2025-07-31 16:02:22,255 [Worker-25: Launching learn-maven (2)] INFO  o.eclipse.m2e.core.internal.Bundles - 	Entry: C:\Users\venka\.p2\pool\plugins\org.eclipse.m2e.maven.runtime_3.9.900.20250220-2013\jars\maven-resolver-api-1.9.22.jar
2025-07-31 16:02:22,256 [Worker-25: Launching learn-maven (2)] INFO  o.eclipse.m2e.core.internal.Bundles - 	Entry: C:\Users\venka\.p2\pool\plugins\org.eclipse.m2e.maven.runtime_3.9.900.20250220-2013\jars\maven-resolver-connector-basic-1.9.22.jar
2025-07-31 16:02:22,256 [Worker-25: Launching learn-maven (2)] INFO  o.eclipse.m2e.core.internal.Bundles - 	Entry: C:\Users\venka\.p2\pool\plugins\org.eclipse.m2e.maven.runtime_3.9.900.20250220-2013\jars\maven-resolver-impl-1.9.22.jar
2025-07-31 16:02:22,256 [Worker-25: Launching learn-maven (2)] INFO  o.eclipse.m2e.core.internal.Bundles - 	Entry: C:\Users\venka\.p2\pool\plugins\org.eclipse.m2e.maven.runtime_3.9.900.20250220-2013\jars\maven-resolver-named-locks-1.9.22.jar
2025-07-31 16:02:22,256 [Worker-25: Launching learn-maven (2)] INFO  o.eclipse.m2e.core.internal.Bundles - 	Entry: C:\Users\venka\.p2\pool\plugins\org.eclipse.m2e.maven.runtime_3.9.900.20250220-2013\jars\maven-resolver-provider-3.9.9.jar
2025-07-31 16:02:22,256 [Worker-25: Launching learn-maven (2)] INFO  o.eclipse.m2e.core.internal.Bundles - 	Entry: C:\Users\venka\.p2\pool\plugins\org.eclipse.m2e.maven.runtime_3.9.900.20250220-2013\jars\maven-resolver-spi-1.9.22.jar
2025-07-31 16:02:22,257 [Worker-25: Launching learn-maven (2)] INFO  o.eclipse.m2e.core.internal.Bundles - 	Entry: C:\Users\venka\.p2\pool\plugins\org.eclipse.m2e.maven.runtime_3.9.900.20250220-2013\jars\maven-resolver-transport-file-1.9.22.jar
2025-07-31 16:02:22,257 [Worker-25: Launching learn-maven (2)] INFO  o.eclipse.m2e.core.internal.Bundles - 	Entry: C:\Users\venka\.p2\pool\plugins\org.eclipse.m2e.maven.runtime_3.9.900.20250220-2013\jars\maven-resolver-transport-http-1.9.22.jar
2025-07-31 16:02:22,257 [Worker-25: Launching learn-maven (2)] INFO  o.eclipse.m2e.core.internal.Bundles - 	Entry: C:\Users\venka\.p2\pool\plugins\org.eclipse.m2e.maven.runtime_3.9.900.20250220-2013\jars\maven-resolver-transport-wagon-1.9.22.jar
2025-07-31 16:02:22,257 [Worker-25: Launching learn-maven (2)] INFO  o.eclipse.m2e.core.internal.Bundles - 	Entry: C:\Users\venka\.p2\pool\plugins\org.eclipse.m2e.maven.runtime_3.9.900.20250220-2013\jars\maven-resolver-util-1.9.22.jar
2025-07-31 16:02:22,258 [Worker-25: Launching learn-maven (2)] INFO  o.eclipse.m2e.core.internal.Bundles - 	Entry: C:\Users\venka\.p2\pool\plugins\org.eclipse.m2e.maven.runtime_3.9.900.20250220-2013\jars\maven-settings-3.9.9.jar
2025-07-31 16:02:22,259 [Worker-25: Launching learn-maven (2)] INFO  o.eclipse.m2e.core.internal.Bundles - 	Entry: C:\Users\venka\.p2\pool\plugins\org.eclipse.m2e.maven.runtime_3.9.900.20250220-2013\jars\maven-settings-builder-3.9.9.jar
2025-07-31 16:02:22,261 [Worker-25: Launching learn-maven (2)] INFO  o.eclipse.m2e.core.internal.Bundles - 	Entry: C:\Users\venka\.p2\pool\plugins\org.eclipse.m2e.maven.runtime_3.9.900.20250220-2013\jars\maven-shared-utils-3.4.2.jar
2025-07-31 16:02:22,262 [Worker-25: Launching learn-maven (2)] INFO  o.eclipse.m2e.core.internal.Bundles - 	Entry: C:\Users\venka\.p2\pool\plugins\org.eclipse.m2e.maven.runtime_3.9.900.20250220-2013\jars\org.eclipse.sisu.inject-0.9.0.M3.jar
2025-07-31 16:02:22,263 [Worker-25: Launching learn-maven (2)] INFO  o.eclipse.m2e.core.internal.Bundles - 	Entry: C:\Users\venka\.p2\pool\plugins\org.eclipse.m2e.maven.runtime_3.9.900.20250220-2013\jars\org.eclipse.sisu.plexus-0.9.0.M3.jar
2025-07-31 16:02:22,264 [Worker-25: Launching learn-maven (2)] INFO  o.eclipse.m2e.core.internal.Bundles - 	Entry: C:\Users\venka\.p2\pool\plugins\org.eclipse.m2e.maven.runtime_3.9.900.20250220-2013\jars\plexus-build-api-0.0.7.jar
2025-07-31 16:02:22,264 [Worker-25: Launching learn-maven (2)] INFO  o.eclipse.m2e.core.internal.Bundles - 	Entry: C:\Users\venka\.p2\pool\plugins\org.eclipse.m2e.maven.runtime_3.9.900.20250220-2013\jars\plexus-build-api-1.2.0.jar
2025-07-31 16:02:22,266 [Worker-25: Launching learn-maven (2)] INFO  o.eclipse.m2e.core.internal.Bundles - 	Entry: C:\Users\venka\.p2\pool\plugins\org.eclipse.m2e.maven.runtime_3.9.900.20250220-2013\jars\plexus-cipher-2.0.jar
2025-07-31 16:02:22,267 [Worker-25: Launching learn-maven (2)] INFO  o.eclipse.m2e.core.internal.Bundles - 	Entry: C:\Users\venka\.p2\pool\plugins\org.eclipse.m2e.maven.runtime_3.9.900.20250220-2013\jars\plexus-classworlds-2.8.0.jar
2025-07-31 16:02:22,268 [Worker-25: Launching learn-maven (2)] INFO  o.eclipse.m2e.core.internal.Bundles - 	Entry: C:\Users\venka\.p2\pool\plugins\org.eclipse.m2e.maven.runtime_3.9.900.20250220-2013\jars\plexus-component-annotations-2.1.0.jar
2025-07-31 16:02:22,268 [Worker-25: Launching learn-maven (2)] INFO  o.eclipse.m2e.core.internal.Bundles - 	Entry: C:\Users\venka\.p2\pool\plugins\org.eclipse.m2e.maven.runtime_3.9.900.20250220-2013\jars\plexus-interpolation-1.27.jar
2025-07-31 16:02:22,269 [Worker-25: Launching learn-maven (2)] INFO  o.eclipse.m2e.core.internal.Bundles - 	Entry: C:\Users\venka\.p2\pool\plugins\org.eclipse.m2e.maven.runtime_3.9.900.20250220-2013\jars\plexus-sec-dispatcher-2.0.jar
2025-07-31 16:02:22,270 [Worker-25: Launching learn-maven (2)] INFO  o.eclipse.m2e.core.internal.Bundles - 	Entry: C:\Users\venka\.p2\pool\plugins\org.eclipse.m2e.maven.runtime_3.9.900.20250220-2013\jars\plexus-utils-3.5.1.jar
2025-07-31 16:02:22,270 [Worker-25: Launching learn-maven (2)] INFO  o.eclipse.m2e.core.internal.Bundles - 	Entry: C:\Users\venka\.p2\pool\plugins\org.eclipse.m2e.maven.runtime_3.9.900.20250220-2013\jars\plexus-xml-3.0.1.jar
2025-07-31 16:02:22,270 [Worker-25: Launching learn-maven (2)] INFO  o.eclipse.m2e.core.internal.Bundles - 	Entry: C:\Users\venka\.p2\pool\plugins\org.eclipse.m2e.maven.runtime_3.9.900.20250220-2013\jars\wagon-file-3.5.3.jar
2025-07-31 16:02:22,271 [Worker-25: Launching learn-maven (2)] INFO  o.eclipse.m2e.core.internal.Bundles - 	Entry: C:\Users\venka\.p2\pool\plugins\org.eclipse.m2e.maven.runtime_3.9.900.20250220-2013\jars\wagon-http-3.5.3.jar
2025-07-31 16:02:22,271 [Worker-25: Launching learn-maven (2)] INFO  o.eclipse.m2e.core.internal.Bundles - 	Entry: C:\Users\venka\.p2\pool\plugins\org.eclipse.m2e.maven.runtime_3.9.900.20250220-2013\jars\wagon-http-shared-3.5.3.jar
2025-07-31 16:02:22,271 [Worker-25: Launching learn-maven (2)] INFO  o.eclipse.m2e.core.internal.Bundles - 	Entry: C:\Users\venka\.p2\pool\plugins\org.eclipse.m2e.maven.runtime_3.9.900.20250220-2013\jars\wagon-provider-api-3.5.3.jar
2025-07-31 16:02:22,272 [Worker-25: Launching learn-maven (2)] INFO  o.eclipse.m2e.core.internal.Bundles - getClasspathEntries(Bundle=com.google.guava_33.4.8.jre [18])
2025-07-31 16:02:22,273 [Worker-25: Launching learn-maven (2)] INFO  o.eclipse.m2e.core.internal.Bundles - 	Entry: C:\Users\venka\.p2\pool\plugins\com.google.guava_33.4.8.jre.jar
2025-07-31 16:02:22,273 [Worker-25: Launching learn-maven (2)] INFO  o.eclipse.m2e.core.internal.Bundles - getClasspathEntries(Bundle=slf4j.api_2.0.17 [1002])
2025-07-31 16:02:22,274 [Worker-25: Launching learn-maven (2)] INFO  o.eclipse.m2e.core.internal.Bundles - 	Entry: C:\Users\venka\.p2\pool\plugins\slf4j.api_2.0.17.jar
2025-07-31 16:02:22,274 [Worker-25: Launching learn-maven (2)] INFO  o.eclipse.m2e.core.internal.Bundles - getClasspathEntries(Bundle=jakarta.inject.jakarta.inject-api_1.0.5 [35])
2025-07-31 16:02:22,275 [Worker-25: Launching learn-maven (2)] INFO  o.eclipse.m2e.core.internal.Bundles - 	Entry: C:\Users\venka\.p2\pool\plugins\jakarta.inject.jakarta.inject-api_1.0.5.jar
2025-07-31 16:02:22,275 [Worker-25: Launching learn-maven (2)] INFO  o.eclipse.m2e.core.internal.Bundles - getClasspathEntries(Bundle=javax.annotation_1.3.5.v20200909-1856 [45])
2025-07-31 16:02:22,276 [Worker-25: Launching learn-maven (2)] INFO  o.eclipse.m2e.core.internal.Bundles - 	Entry: C:\Users\venka\.p2\pool\plugins\javax.annotation_1.3.5.v20200909-1856.jar
2025-07-31 16:02:22,276 [Worker-25: Launching learn-maven (2)] INFO  o.eclipse.m2e.core.internal.Bundles - getClasspathEntries(Bundle=org.apache.commons.cli_1.9.0 [76])
2025-07-31 16:02:22,279 [Worker-25: Launching learn-maven (2)] INFO  o.eclipse.m2e.core.internal.Bundles - 	Entry: C:\Users\venka\.p2\pool\plugins\org.apache.commons.cli_1.9.0.jar
2025-07-31 16:02:22,280 [Worker-25: Launching learn-maven (2)] INFO  o.eclipse.m2e.core.internal.Bundles - getClasspathEntries(Bundle=org.apache.commons.commons-codec_1.16.0 [78])
2025-07-31 16:02:22,281 [Worker-25: Launching learn-maven (2)] INFO  o.eclipse.m2e.core.internal.Bundles - 	Entry: C:\Users\venka\.p2\pool\plugins\org.apache.commons.commons-codec_1.16.0.jar
2025-07-31 16:02:22,282 [Worker-25: Launching learn-maven (2)] INFO  o.eclipse.m2e.core.internal.Bundles - getClasspathEntries(Bundle=com.google.guava.failureaccess_1.0.3 [19])
2025-07-31 16:02:22,284 [Worker-25: Launching learn-maven (2)] INFO  o.eclipse.m2e.core.internal.Bundles - 	Entry: C:\Users\venka\.p2\pool\plugins\com.google.guava.failureaccess_1.0.3.jar
2025-07-31 16:02:22,288 [Worker-25: Launching learn-maven (2)] INFO  o.e.m.i.launch.MavenLaunchDelegate - Run build in "D:\Cloud\Git\Udemy\Java\Maven\learn-maven":
2025-07-31 16:02:22,288 [Worker-25: Launching learn-maven (2)] INFO  o.e.m.i.launch.MavenLaunchDelegate -  mvn  -B -Dstyle.color=always --version
2025-07-31 23:47:40,905 [Worker-0: Loading available Gradle versions] INFO  o.e.b.c.i.u.g.PublishedGradleVersions - Gradle version information cache is up-to-date. Trying to read.
